[ 2018-05-09T09:19:40+08:00 ] ::1 /today/todaystore/index.php?m=Home&c=index&a=initlist
INFO: [ app_init ] --START--
INFO: Run Behavior\BuildLiteBehavior [ RunTime:0.000029s ]
INFO: [ app_init ] --END-- [ RunTime:0.001440s ]
INFO: [ app_begin ] --START--
INFO: Run Behavior\ReadHtmlCacheBehavior [ RunTime:0.001184s ]
INFO: [ app_begin ] --END-- [ RunTime:0.001264s ]
SQL: SHOW COLUMNS FROM `fruit` [ RunTime:0.0139s ]
SQL: SELECT * FROM `fruit`  [ RunTime:0.0015s ]

[ 2018-05-09T09:31:00+08:00 ] ::1 /today/todaystore/index.php?m=Home&c=index&a=initlist
INFO: [ app_init ] --START--
INFO: Run Behavior\BuildLiteBehavior [ RunTime:0.000024s ]
INFO: [ app_init ] --END-- [ RunTime:0.001697s ]
INFO: [ app_begin ] --START--
INFO: Run Behavior\ReadHtmlCacheBehavior [ RunTime:0.001401s ]
INFO: [ app_begin ] --END-- [ RunTime:0.001513s ]
SQL: SHOW COLUMNS FROM `fruit` [ RunTime:0.0091s ]
SQL: SELECT * FROM `fruit`  [ RunTime:0.0012s ]

[ 2018-05-09T09:31:02+08:00 ] ::1 /today/todaystore/index.php/Home/Index/center.html
INFO: [ app_init ] --START--
INFO: Run Behavior\BuildLiteBehavior [ RunTime:0.000118s ]
INFO: [ app_init ] --END-- [ RunTime:0.000658s ]
INFO: [ app_begin ] --START--
INFO: Run Behavior\ReadHtmlCacheBehavior [ RunTime:0.000835s ]
INFO: [ app_begin ] --END-- [ RunTime:0.000931s ]
INFO: [ view_parse ] --START--
INFO: [ template_filter ] --START--
INFO: Run Behavior\ContentReplaceBehavior [ RunTime:0.006601s ]
INFO: [ template_filter ] --END-- [ RunTime:0.006730s ]
INFO: Run Behavior\ParseTemplateBehavior [ RunTime:0.032542s ]
INFO: [ view_parse ] --END-- [ RunTime:0.032657s ]
INFO: [ view_filter ] --START--
INFO: Run Behavior\WriteHtmlCacheBehavior [ RunTime:0.001191s ]
INFO: [ view_filter ] --END-- [ RunTime:0.001269s ]
INFO: [ app_end ] --START--
INFO: Run Behavior\ShowPageTraceBehavior [ RunTime:0.001654s ]
INFO: [ app_end ] --END-- [ RunTime:0.001747s ]

[ 2018-05-09T09:31:02+08:00 ] ::1 /today/todaystore/index.php?m=Home&c=index&a=initlist
INFO: [ app_init ] --START--
INFO: Run Behavior\BuildLiteBehavior [ RunTime:0.000030s ]
INFO: [ app_init ] --END-- [ RunTime:0.000889s ]
INFO: [ app_begin ] --START--
INFO: Run Behavior\ReadHtmlCacheBehavior [ RunTime:0.001266s ]
INFO: [ app_begin ] --END-- [ RunTime:0.001392s ]
SQL: SHOW COLUMNS FROM `fruit` [ RunTime:0.0086s ]
SQL: SELECT * FROM `fruit`  [ RunTime:0.0006s ]

[ 2018-05-09T10:45:42+08:00 ] ::1 /today/todaystore/index.php?m=Home&c=index&a=initlist
INFO: [ app_init ] --START--
INFO: Run Behavior\BuildLiteBehavior [ RunTime:0.000012s ]
INFO: [ app_init ] --END-- [ RunTime:0.000490s ]
INFO: [ app_begin ] --START--
INFO: Run Behavior\ReadHtmlCacheBehavior [ RunTime:0.000567s ]
INFO: [ app_begin ] --END-- [ RunTime:0.000610s ]
SQL: SHOW COLUMNS FROM `fruit` [ RunTime:0.0077s ]
SQL: SELECT * FROM `fruit`  [ RunTime:0.0008s ]

