[ 2018-05-29T19:28:03+08:00 ] ::1 /today/todaystore/index.php?m=Home&c=back&a=fruitlist
INFO: [ app_init ] --START--
INFO: Run Behavior\BuildLiteBehavior [ RunTime:0.000021s ]
INFO: [ app_init ] --END-- [ RunTime:0.000870s ]
INFO: [ app_begin ] --START--
INFO: Run Behavior\ReadHtmlCacheBehavior [ RunTime:0.010236s ]
INFO: [ app_begin ] --END-- [ RunTime:0.010331s ]
SQL: SHOW COLUMNS FROM `fruit` [ RunTime:0.0208s ]
SQL: SELECT * FROM `fruit`  [ RunTime:0.0026s ]

[ 2018-05-29T19:28:04+08:00 ] ::1 /today/todaystore/index.php?m=Home&c=back&a=business_list
INFO: [ app_init ] --START--
INFO: Run Behavior\BuildLiteBehavior [ RunTime:0.000028s ]
INFO: [ app_init ] --END-- [ RunTime:0.001024s ]
INFO: [ app_begin ] --START--
INFO: Run Behavior\ReadHtmlCacheBehavior [ RunTime:0.001524s ]
INFO: [ app_begin ] --END-- [ RunTime:0.001641s ]
SQL: SHOW COLUMNS FROM `client_buylist` [ RunTime:0.0081s ]
SQL: SELECT * FROM `client_buylist`  [ RunTime:0.0006s ]

[ 2018-05-29T19:28:38+08:00 ] ::1 /today/todaystore/index.php?m=Home&c=back&a=business_list
INFO: [ app_init ] --START--
INFO: Run Behavior\BuildLiteBehavior [ RunTime:0.000018s ]
INFO: [ app_init ] --END-- [ RunTime:0.000598s ]
INFO: [ app_begin ] --START--
INFO: Run Behavior\ReadHtmlCacheBehavior [ RunTime:0.001415s ]
INFO: [ app_begin ] --END-- [ RunTime:0.001524s ]
SQL: SHOW COLUMNS FROM `client_buylist` [ RunTime:0.0113s ]
SQL: SELECT * FROM `client_buylist`  [ RunTime:0.0011s ]

[ 2018-05-29T19:28:50+08:00 ] ::1 /today/todaystore/index.php?m=Home&c=back&a=business_list
INFO: [ app_init ] --START--
INFO: Run Behavior\BuildLiteBehavior [ RunTime:0.000030s ]
INFO: [ app_init ] --END-- [ RunTime:0.001202s ]
INFO: [ app_begin ] --START--
INFO: Run Behavior\ReadHtmlCacheBehavior [ RunTime:0.002016s ]
INFO: [ app_begin ] --END-- [ RunTime:0.002118s ]
SQL: SHOW COLUMNS FROM `client_buylist` [ RunTime:0.0049s ]
SQL: SELECT * FROM `client_buylist`  [ RunTime:0.0006s ]

[ 2018-05-29T19:30:09+08:00 ] ::1 /today/todaystore/index.php?m=Home&c=back&a=fruitlist
INFO: [ app_init ] --START--
INFO: Run Behavior\BuildLiteBehavior [ RunTime:0.000030s ]
INFO: [ app_init ] --END-- [ RunTime:0.001038s ]
INFO: [ app_begin ] --START--
INFO: Run Behavior\ReadHtmlCacheBehavior [ RunTime:0.001935s ]
INFO: [ app_begin ] --END-- [ RunTime:0.002069s ]
SQL: SHOW COLUMNS FROM `fruit` [ RunTime:0.0188s ]
SQL: SELECT * FROM `fruit`  [ RunTime:0.0016s ]

[ 2018-05-29T19:30:29+08:00 ] ::1 /today/todaystore/index.php?m=Home&c=back&a=fruitlist
INFO: [ app_init ] --START--
INFO: Run Behavior\BuildLiteBehavior [ RunTime:0.000031s ]
INFO: [ app_init ] --END-- [ RunTime:0.000716s ]
INFO: [ app_begin ] --START--
INFO: Run Behavior\ReadHtmlCacheBehavior [ RunTime:0.002205s ]
INFO: [ app_begin ] --END-- [ RunTime:0.002308s ]
SQL: SHOW COLUMNS FROM `fruit` [ RunTime:0.0055s ]
SQL: SELECT * FROM `fruit`  [ RunTime:0.0006s ]

[ 2018-05-29T19:30:31+08:00 ] ::1 /today/todaystore/index.php?m=Home&c=back&a=business_list
INFO: [ app_init ] --START--
INFO: Run Behavior\BuildLiteBehavior [ RunTime:0.000027s ]
INFO: [ app_init ] --END-- [ RunTime:0.000892s ]
INFO: [ app_begin ] --START--
INFO: Run Behavior\ReadHtmlCacheBehavior [ RunTime:0.001135s ]
INFO: [ app_begin ] --END-- [ RunTime:0.001207s ]
SQL: SHOW COLUMNS FROM `client_buylist` [ RunTime:0.0068s ]
SQL: SELECT * FROM `client_buylist`  [ RunTime:0.0005s ]

[ 2018-05-29T19:33:00+08:00 ] ::1 /today/todaystore/index.php?m=Home&c=back&a=business_list
INFO: [ app_init ] --START--
INFO: Run Behavior\BuildLiteBehavior [ RunTime:0.000020s ]
INFO: [ app_init ] --END-- [ RunTime:0.000633s ]
INFO: [ app_begin ] --START--
INFO: Run Behavior\ReadHtmlCacheBehavior [ RunTime:0.001080s ]
INFO: [ app_begin ] --END-- [ RunTime:0.001165s ]
SQL: SHOW COLUMNS FROM `client_buylist` [ RunTime:0.0041s ]
SQL: SELECT * FROM `client_buylist`  [ RunTime:0.0005s ]

[ 2018-05-29T19:33:29+08:00 ] ::1 /today/todaystore/index.php?m=Home&c=back&a=business_list
INFO: [ app_init ] --START--
INFO: Run Behavior\BuildLiteBehavior [ RunTime:0.000028s ]
INFO: [ app_init ] --END-- [ RunTime:0.000890s ]
INFO: [ app_begin ] --START--
INFO: Run Behavior\ReadHtmlCacheBehavior [ RunTime:0.001517s ]
INFO: [ app_begin ] --END-- [ RunTime:0.001624s ]
SQL: SHOW COLUMNS FROM `client_buylist` [ RunTime:0.0056s ]
SQL: SELECT * FROM `client_buylist`  [ RunTime:0.0005s ]

[ 2018-05-29T19:34:26+08:00 ] ::1 /today/todaystore/index.php?m=Home&c=back&a=business_list
INFO: [ app_init ] --START--
INFO: Run Behavior\BuildLiteBehavior [ RunTime:0.000013s ]
INFO: [ app_init ] --END-- [ RunTime:0.000404s ]
INFO: [ app_begin ] --START--
INFO: Run Behavior\ReadHtmlCacheBehavior [ RunTime:0.002109s ]
INFO: [ app_begin ] --END-- [ RunTime:0.002200s ]
SQL: SHOW COLUMNS FROM `client_buylist` [ RunTime:0.0051s ]
SQL: SELECT * FROM `client_buylist`  [ RunTime:0.0005s ]

[ 2018-05-29T19:34:37+08:00 ] ::1 /today/todaystore/index.php?m=Home&c=back&a=business_list
INFO: [ app_init ] --START--
INFO: Run Behavior\BuildLiteBehavior [ RunTime:0.000034s ]
INFO: [ app_init ] --END-- [ RunTime:0.000801s ]
INFO: [ app_begin ] --START--
INFO: Run Behavior\ReadHtmlCacheBehavior [ RunTime:0.001605s ]
INFO: [ app_begin ] --END-- [ RunTime:0.001719s ]
SQL: SHOW COLUMNS FROM `client_buylist` [ RunTime:0.0038s ]
SQL: SELECT * FROM `client_buylist`  [ RunTime:0.0004s ]

[ 2018-05-29T19:34:46+08:00 ] ::1 /today/todaystore/index.php?m=Home&c=back&a=business_list
INFO: [ app_init ] --START--
INFO: Run Behavior\BuildLiteBehavior [ RunTime:0.000025s ]
INFO: [ app_init ] --END-- [ RunTime:0.000809s ]
INFO: [ app_begin ] --START--
INFO: Run Behavior\ReadHtmlCacheBehavior [ RunTime:0.001521s ]
INFO: [ app_begin ] --END-- [ RunTime:0.001626s ]
SQL: SHOW COLUMNS FROM `client_buylist` [ RunTime:0.0054s ]
SQL: SELECT * FROM `client_buylist`  [ RunTime:0.0005s ]

[ 2018-05-29T19:35:51+08:00 ] ::1 /today/todaystore/index.php?m=Home&c=back&a=business_list
INFO: [ app_init ] --START--
INFO: Run Behavior\BuildLiteBehavior [ RunTime:0.000027s ]
INFO: [ app_init ] --END-- [ RunTime:0.000801s ]
INFO: [ app_begin ] --START--
INFO: Run Behavior\ReadHtmlCacheBehavior [ RunTime:0.002559s ]
INFO: [ app_begin ] --END-- [ RunTime:0.002749s ]
SQL: SHOW COLUMNS FROM `client_buylist` [ RunTime:0.0215s ]
SQL: SELECT * FROM `client_buylist`  [ RunTime:0.0019s ]

[ 2018-05-29T19:36:14+08:00 ] ::1 /today/todaystore/index.php?m=Home&c=back&a=business_list
INFO: [ app_init ] --START--
INFO: Run Behavior\BuildLiteBehavior [ RunTime:0.000017s ]
INFO: [ app_init ] --END-- [ RunTime:0.000550s ]
INFO: [ app_begin ] --START--
INFO: Run Behavior\ReadHtmlCacheBehavior [ RunTime:0.001304s ]
INFO: [ app_begin ] --END-- [ RunTime:0.001458s ]
SQL: SHOW COLUMNS FROM `client_buylist` [ RunTime:0.0192s ]
SQL: SELECT * FROM `client_buylist`  [ RunTime:0.0018s ]

[ 2018-05-29T19:36:57+08:00 ] ::1 /today/todaystore/index.php?m=Home&c=back&a=business_list
INFO: [ app_init ] --START--
INFO: Run Behavior\BuildLiteBehavior [ RunTime:0.000019s ]
INFO: [ app_init ] --END-- [ RunTime:0.000604s ]
INFO: [ app_begin ] --START--
INFO: Run Behavior\ReadHtmlCacheBehavior [ RunTime:0.001035s ]
INFO: [ app_begin ] --END-- [ RunTime:0.001112s ]
SQL: SHOW COLUMNS FROM `client_buylist` [ RunTime:0.0045s ]
SQL: SELECT * FROM `client_buylist`  [ RunTime:0.0004s ]

[ 2018-05-29T19:37:13+08:00 ] ::1 /today/todaystore/index.php?m=Home&c=back&a=business_list
INFO: [ app_init ] --START--
INFO: Run Behavior\BuildLiteBehavior [ RunTime:0.000042s ]
INFO: [ app_init ] --END-- [ RunTime:0.001329s ]
INFO: [ app_begin ] --START--
INFO: Run Behavior\ReadHtmlCacheBehavior [ RunTime:0.001378s ]
INFO: [ app_begin ] --END-- [ RunTime:0.001488s ]
SQL: SHOW COLUMNS FROM `client_buylist` [ RunTime:0.0042s ]
SQL: SELECT * FROM `client_buylist`  [ RunTime:0.0004s ]

[ 2018-05-29T19:37:33+08:00 ] ::1 /today/todaystore/index.php?m=Home&c=back&a=business_list
INFO: [ app_init ] --START--
INFO: Run Behavior\BuildLiteBehavior [ RunTime:0.000027s ]
INFO: [ app_init ] --END-- [ RunTime:0.001005s ]
INFO: [ app_begin ] --START--
INFO: Run Behavior\ReadHtmlCacheBehavior [ RunTime:0.001461s ]
INFO: [ app_begin ] --END-- [ RunTime:0.001583s ]
SQL: SHOW COLUMNS FROM `client_buylist` [ RunTime:0.0050s ]
SQL: SELECT * FROM `client_buylist`  [ RunTime:0.0004s ]

[ 2018-05-29T19:37:41+08:00 ] ::1 /today/todaystore/index.php?m=Home&c=back&a=business_list
INFO: [ app_init ] --START--
INFO: Run Behavior\BuildLiteBehavior [ RunTime:0.000018s ]
INFO: [ app_init ] --END-- [ RunTime:0.000639s ]
INFO: [ app_begin ] --START--
INFO: Run Behavior\ReadHtmlCacheBehavior [ RunTime:0.000901s ]
INFO: [ app_begin ] --END-- [ RunTime:0.000967s ]
SQL: SHOW COLUMNS FROM `client_buylist` [ RunTime:0.0203s ]
SQL: SELECT * FROM `client_buylist`  [ RunTime:0.0017s ]

[ 2018-05-29T19:38:13+08:00 ] ::1 /today/todaystore/index.php?m=Home&c=back&a=business_list
INFO: [ app_init ] --START--
INFO: Run Behavior\BuildLiteBehavior [ RunTime:0.000048s ]
INFO: [ app_init ] --END-- [ RunTime:0.001084s ]
INFO: [ app_begin ] --START--
INFO: Run Behavior\ReadHtmlCacheBehavior [ RunTime:0.002006s ]
INFO: [ app_begin ] --END-- [ RunTime:0.002146s ]
SQL: SHOW COLUMNS FROM `client_buylist` [ RunTime:0.0049s ]
SQL: SELECT * FROM `client_buylist`  [ RunTime:0.0004s ]

[ 2018-05-29T19:38:29+08:00 ] ::1 /today/todaystore/index.php?m=Home&c=back&a=business_list
INFO: [ app_init ] --START--
INFO: Run Behavior\BuildLiteBehavior [ RunTime:0.000018s ]
INFO: [ app_init ] --END-- [ RunTime:0.000554s ]
INFO: [ app_begin ] --START--
INFO: Run Behavior\ReadHtmlCacheBehavior [ RunTime:0.000853s ]
INFO: [ app_begin ] --END-- [ RunTime:0.000922s ]
SQL: SHOW COLUMNS FROM `client_buylist` [ RunTime:0.0052s ]
SQL: SELECT * FROM `client_buylist`  [ RunTime:0.0004s ]

[ 2018-05-29T19:40:26+08:00 ] ::1 /today/todaystore/index.php?m=Home&c=back&a=business_list
INFO: [ app_init ] --START--
INFO: Run Behavior\BuildLiteBehavior [ RunTime:0.000026s ]
INFO: [ app_init ] --END-- [ RunTime:0.000847s ]
INFO: [ app_begin ] --START--
INFO: Run Behavior\ReadHtmlCacheBehavior [ RunTime:0.001678s ]
INFO: [ app_begin ] --END-- [ RunTime:0.001887s ]
SQL: SHOW COLUMNS FROM `client_buylist` [ RunTime:0.0149s ]
SQL: SELECT * FROM `client_buylist`  [ RunTime:0.0017s ]

[ 2018-05-29T19:40:28+08:00 ] ::1 /today/todaystore/index.php?m=Home&c=back&a=client_list
INFO: [ app_init ] --START--
INFO: Run Behavior\BuildLiteBehavior [ RunTime:0.000028s ]
INFO: [ app_init ] --END-- [ RunTime:0.000898s ]
INFO: [ app_begin ] --START--
INFO: Run Behavior\ReadHtmlCacheBehavior [ RunTime:0.001526s ]
INFO: [ app_begin ] --END-- [ RunTime:0.001636s ]
SQL: SHOW COLUMNS FROM `client_information` [ RunTime:0.0052s ]
SQL: SELECT * FROM `client_information`  [ RunTime:0.0005s ]

[ 2018-05-29T19:40:30+08:00 ] ::1 /today/todaystore/index.php?m=Home&c=back&a=fruitlist
INFO: [ app_init ] --START--
INFO: Run Behavior\BuildLiteBehavior [ RunTime:0.000029s ]
INFO: [ app_init ] --END-- [ RunTime:0.000950s ]
INFO: [ app_begin ] --START--
INFO: Run Behavior\ReadHtmlCacheBehavior [ RunTime:0.001628s ]
INFO: [ app_begin ] --END-- [ RunTime:0.001772s ]
SQL: SHOW COLUMNS FROM `fruit` [ RunTime:0.0062s ]
SQL: SELECT * FROM `fruit`  [ RunTime:0.0006s ]

[ 2018-05-29T19:40:31+08:00 ] ::1 /today/todaystore/index.php?m=Home&c=back&a=fankui
INFO: [ app_init ] --START--
INFO: Run Behavior\BuildLiteBehavior [ RunTime:0.000024s ]
INFO: [ app_init ] --END-- [ RunTime:0.000935s ]
INFO: [ app_begin ] --START--
INFO: Run Behavior\ReadHtmlCacheBehavior [ RunTime:0.002071s ]
INFO: [ app_begin ] --END-- [ RunTime:0.002173s ]
SQL: SHOW COLUMNS FROM `fankui` [ RunTime:0.0079s ]
SQL: SELECT * FROM `fankui`  [ RunTime:0.0006s ]

[ 2018-05-29T19:40:32+08:00 ] ::1 /today/todaystore/index.php?m=Home&c=back&a=fruitlist
INFO: [ app_init ] --START--
INFO: Run Behavior\BuildLiteBehavior [ RunTime:0.000025s ]
INFO: [ app_init ] --END-- [ RunTime:0.000827s ]
INFO: [ app_begin ] --START--
INFO: Run Behavior\ReadHtmlCacheBehavior [ RunTime:0.002370s ]
INFO: [ app_begin ] --END-- [ RunTime:0.002509s ]
SQL: SHOW COLUMNS FROM `fruit` [ RunTime:0.0079s ]
SQL: SELECT * FROM `fruit`  [ RunTime:0.0008s ]

[ 2018-05-29T19:40:36+08:00 ] ::1 /today/todaystore/index.php?m=Home&c=back&a=client_list
INFO: [ app_init ] --START--
INFO: Run Behavior\BuildLiteBehavior [ RunTime:0.000017s ]
INFO: [ app_init ] --END-- [ RunTime:0.000553s ]
INFO: [ app_begin ] --START--
INFO: Run Behavior\ReadHtmlCacheBehavior [ RunTime:0.000954s ]
INFO: [ app_begin ] --END-- [ RunTime:0.001021s ]
SQL: SHOW COLUMNS FROM `client_information` [ RunTime:0.0059s ]
SQL: SELECT * FROM `client_information`  [ RunTime:0.0004s ]

[ 2018-05-29T19:40:41+08:00 ] ::1 /today/todaystore/index.php?m=Home&c=back&a=business_list
INFO: [ app_init ] --START--
INFO: Run Behavior\BuildLiteBehavior [ RunTime:0.000028s ]
INFO: [ app_init ] --END-- [ RunTime:0.000916s ]
INFO: [ app_begin ] --START--
INFO: Run Behavior\ReadHtmlCacheBehavior [ RunTime:0.001571s ]
INFO: [ app_begin ] --END-- [ RunTime:0.001685s ]
SQL: SHOW COLUMNS FROM `client_buylist` [ RunTime:0.0169s ]
SQL: SELECT * FROM `client_buylist`  [ RunTime:0.0018s ]

[ 2018-05-29T19:41:12+08:00 ] ::1 /today/todaystore/index.php?m=Home&c=back&a=business_list
INFO: [ app_init ] --START--
INFO: Run Behavior\BuildLiteBehavior [ RunTime:0.000056s ]
INFO: [ app_init ] --END-- [ RunTime:0.001241s ]
INFO: [ app_begin ] --START--
INFO: Run Behavior\ReadHtmlCacheBehavior [ RunTime:0.001091s ]
INFO: [ app_begin ] --END-- [ RunTime:0.001207s ]
SQL: SHOW COLUMNS FROM `client_buylist` [ RunTime:0.0175s ]
SQL: SELECT * FROM `client_buylist`  [ RunTime:0.0017s ]

[ 2018-05-29T19:41:18+08:00 ] ::1 /today/todaystore/index.php?m=Home&c=back&a=business_list
INFO: [ app_init ] --START--
INFO: Run Behavior\BuildLiteBehavior [ RunTime:0.000018s ]
INFO: [ app_init ] --END-- [ RunTime:0.000609s ]
INFO: [ app_begin ] --START--
INFO: Run Behavior\ReadHtmlCacheBehavior [ RunTime:0.001654s ]
INFO: [ app_begin ] --END-- [ RunTime:0.001772s ]
SQL: SHOW COLUMNS FROM `client_buylist` [ RunTime:0.0203s ]
SQL: SELECT * FROM `client_buylist`  [ RunTime:0.0018s ]

[ 2018-05-29T20:29:19+08:00 ] ::1 /today/todaystore/index.php?m=Home&c=back&a=fruitlist
INFO: [ app_init ] --START--
INFO: Run Behavior\BuildLiteBehavior [ RunTime:0.000021s ]
INFO: [ app_init ] --END-- [ RunTime:0.000607s ]
INFO: [ app_begin ] --START--
INFO: Run Behavior\ReadHtmlCacheBehavior [ RunTime:0.001067s ]
INFO: [ app_begin ] --END-- [ RunTime:0.001163s ]
SQL: SHOW COLUMNS FROM `fruit` [ RunTime:0.0048s ]
SQL: SELECT * FROM `fruit`  [ RunTime:0.0005s ]

[ 2018-05-29T20:29:22+08:00 ] ::1 /today/todaystore/index.php?m=Home&c=back&a=fruitlist
INFO: [ app_init ] --START--
INFO: Run Behavior\BuildLiteBehavior [ RunTime:0.000013s ]
INFO: [ app_init ] --END-- [ RunTime:0.000399s ]
INFO: [ app_begin ] --START--
INFO: Run Behavior\ReadHtmlCacheBehavior [ RunTime:0.000629s ]
INFO: [ app_begin ] --END-- [ RunTime:0.000676s ]
SQL: SHOW COLUMNS FROM `fruit` [ RunTime:0.0051s ]
SQL: SELECT * FROM `fruit`  [ RunTime:0.0005s ]

[ 2018-05-29T20:43:08+08:00 ] ::1 /today/todaystore/index.php?m=Home&c=back&a=fruitlist
INFO: [ app_init ] --START--
INFO: Run Behavior\BuildLiteBehavior [ RunTime:0.000012s ]
INFO: [ app_init ] --END-- [ RunTime:0.000365s ]
INFO: [ app_begin ] --START--
INFO: Run Behavior\ReadHtmlCacheBehavior [ RunTime:0.000943s ]
INFO: [ app_begin ] --END-- [ RunTime:0.001018s ]
SQL: SHOW COLUMNS FROM `fruit` [ RunTime:0.0071s ]
SQL: SELECT * FROM `fruit`  [ RunTime:0.0007s ]

[ 2018-05-29T21:47:16+08:00 ] ::1 /today/todaystore/index.php?m=Home&c=back&a=fruitlist
INFO: [ app_init ] --START--
INFO: Run Behavior\BuildLiteBehavior [ RunTime:0.000019s ]
INFO: [ app_init ] --END-- [ RunTime:0.000540s ]
INFO: [ app_begin ] --START--
INFO: Run Behavior\ReadHtmlCacheBehavior [ RunTime:0.001206s ]
INFO: [ app_begin ] --END-- [ RunTime:0.001345s ]
SQL: SHOW COLUMNS FROM `fruit` [ RunTime:0.0064s ]
SQL: SELECT * FROM `fruit`  [ RunTime:0.0005s ]

[ 2018-05-29T22:52:39+08:00 ] ::1 /today/todaystore/index.php?m=Home&c=back&a=fruitlist
INFO: [ app_init ] --START--
INFO: Run Behavior\BuildLiteBehavior [ RunTime:0.000021s ]
INFO: [ app_init ] --END-- [ RunTime:0.000624s ]
INFO: [ app_begin ] --START--
INFO: Run Behavior\ReadHtmlCacheBehavior [ RunTime:0.000947s ]
INFO: [ app_begin ] --END-- [ RunTime:0.001041s ]
SQL: SHOW COLUMNS FROM `fruit` [ RunTime:0.0139s ]
SQL: SELECT * FROM `fruit`  [ RunTime:0.0010s ]

[ 2018-05-29T23:09:29+08:00 ] ::1 /today/todaystore/index.php?m=Home&c=back&a=fruitlist
INFO: [ app_init ] --START--
INFO: Run Behavior\BuildLiteBehavior [ RunTime:0.000026s ]
INFO: [ app_init ] --END-- [ RunTime:0.000804s ]
INFO: [ app_begin ] --START--
INFO: Run Behavior\ReadHtmlCacheBehavior [ RunTime:0.001568s ]
INFO: [ app_begin ] --END-- [ RunTime:0.001682s ]
SQL: SHOW COLUMNS FROM `fruit` [ RunTime:0.0232s ]
SQL: SELECT * FROM `fruit`  [ RunTime:0.0022s ]

