[ 2018-06-05T13:25:19+08:00 ] ::1 /today/todaystore/index.php?m=Home&c=back&a=fruitlist
INFO: [ app_init ] --START--
INFO: Run Behavior\BuildLiteBehavior [ RunTime:0.000018s ]
INFO: [ app_init ] --END-- [ RunTime:0.000872s ]
INFO: [ app_begin ] --START--
INFO: Run Behavior\ReadHtmlCacheBehavior [ RunTime:0.001038s ]
INFO: [ app_begin ] --END-- [ RunTime:0.001099s ]
SQL: SHOW COLUMNS FROM `fruit` [ RunTime:0.0045s ]
SQL: SELECT * FROM `fruit`  [ RunTime:0.0006s ]

[ 2018-06-05T13:25:23+08:00 ] ::1 /today/todaystore/index.php?m=Home&c=back&a=fruitlist
INFO: [ app_init ] --START--
INFO: Run Behavior\BuildLiteBehavior [ RunTime:0.000017s ]
INFO: [ app_init ] --END-- [ RunTime:0.000479s ]
INFO: [ app_begin ] --START--
INFO: Run Behavior\ReadHtmlCacheBehavior [ RunTime:0.000723s ]
INFO: [ app_begin ] --END-- [ RunTime:0.000790s ]
SQL: SHOW COLUMNS FROM `fruit` [ RunTime:0.0046s ]
SQL: SELECT * FROM `fruit`  [ RunTime:0.0005s ]

[ 2018-06-05T13:25:40+08:00 ] ::1 /today/todaystore/index.php?m=Home&c=back&a=fruitlist
INFO: [ app_init ] --START--
INFO: Run Behavior\BuildLiteBehavior [ RunTime:0.000017s ]
INFO: [ app_init ] --END-- [ RunTime:0.000541s ]
INFO: [ app_begin ] --START--
INFO: Run Behavior\ReadHtmlCacheBehavior [ RunTime:0.000693s ]
INFO: [ app_begin ] --END-- [ RunTime:0.000763s ]
SQL: SHOW COLUMNS FROM `fruit` [ RunTime:0.0190s ]
SQL: SELECT * FROM `fruit`  [ RunTime:0.0011s ]

[ 2018-06-05T13:26:28+08:00 ] ::1 /today/todaystore/index.php?m=Home&c=back&a=imgssave
INFO: [ app_init ] --START--
INFO: Run Behavior\BuildLiteBehavior [ RunTime:0.000014s ]
INFO: [ app_init ] --END-- [ RunTime:0.000399s ]
INFO: [ app_begin ] --START--
INFO: Run Behavior\ReadHtmlCacheBehavior [ RunTime:0.000460s ]
INFO: [ app_begin ] --END-- [ RunTime:0.000497s ]
NOTIC: [2] call_user_func() expects parameter 1 to be a valid callback, no array or string given D:\apache\Apache24\htdocs\today\ThinkPHP\Library\Think\Upload.class.php 第 170 行.
NOTIC: [8] Undefined index: subName D:\apache\Apache24\htdocs\today\ThinkPHP\Library\Think\Upload.class.php 第 79 行.
NOTIC: [2] move_uploaded_file(./public/Home/images/超级百香果.jpg): failed to open stream: Invalid argument D:\apache\Apache24\htdocs\today\ThinkPHP\Library\Think\Upload\Driver\Local.class.php 第 83 行.
NOTIC: [2] move_uploaded_file(): Unable to move 'C:\Windows\Temp\php7E0A.tmp' to './public/Home/images/超级百香果.jpg' D:\apache\Apache24\htdocs\today\ThinkPHP\Library\Think\Upload\Driver\Local.class.php 第 83 行.

[ 2018-06-05T13:31:19+08:00 ] ::1 /today/todaystore/index.php?m=Home&c=back&a=fruitlist
INFO: [ app_init ] --START--
INFO: Run Behavior\BuildLiteBehavior [ RunTime:0.000017s ]
INFO: [ app_init ] --END-- [ RunTime:0.000589s ]
INFO: [ app_begin ] --START--
INFO: Run Behavior\ReadHtmlCacheBehavior [ RunTime:0.000906s ]
INFO: [ app_begin ] --END-- [ RunTime:0.000977s ]
SQL: SHOW COLUMNS FROM `fruit` [ RunTime:0.0064s ]
SQL: SELECT * FROM `fruit`  [ RunTime:0.0005s ]

[ 2018-06-05T13:31:41+08:00 ] ::1 /today/todaystore/index.php?m=Home&c=back&a=imgssave
INFO: [ app_init ] --START--
INFO: Run Behavior\BuildLiteBehavior [ RunTime:0.000011s ]
INFO: [ app_init ] --END-- [ RunTime:0.000336s ]
INFO: [ app_begin ] --START--
INFO: Run Behavior\ReadHtmlCacheBehavior [ RunTime:0.000585s ]
INFO: [ app_begin ] --END-- [ RunTime:0.000631s ]
NOTIC: [2] call_user_func() expects parameter 1 to be a valid callback, no array or string given D:\apache\Apache24\htdocs\today\ThinkPHP\Library\Think\Upload.class.php 第 170 行.
NOTIC: [8] Undefined index: subName D:\apache\Apache24\htdocs\today\ThinkPHP\Library\Think\Upload.class.php 第 79 行.
NOTIC: [8] Undefined index: Filedata D:\apache\Apache24\htdocs\today\todaystoreApplication\Home\Controller\BackController.class.php 第 148 行.
NOTIC: [8] Undefined index: Filedata D:\apache\Apache24\htdocs\today\todaystoreApplication\Home\Controller\BackController.class.php 第 148 行.
SQL: SHOW COLUMNS FROM `fruit` [ RunTime:0.0046s ]
SQL: INSERT INTO `fruit` (`fruitname`,`fruitchina`,`fruitstatu`,`fruitleft`,`fruittype`,`fruitprice`,`fruitweight`) VALUES ('11','0','2','1','11','1','1') [ RunTime:0.0040s ]

[ 2018-06-05T13:32:21+08:00 ] ::1 /today/todaystore/index.php?m=Home&c=back&a=fruitlist
INFO: [ app_init ] --START--
INFO: Run Behavior\BuildLiteBehavior [ RunTime:0.000014s ]
INFO: [ app_init ] --END-- [ RunTime:0.000402s ]
INFO: [ app_begin ] --START--
INFO: Run Behavior\ReadHtmlCacheBehavior [ RunTime:0.000623s ]
INFO: [ app_begin ] --END-- [ RunTime:0.000676s ]
SQL: SHOW COLUMNS FROM `fruit` [ RunTime:0.0042s ]
SQL: SELECT * FROM `fruit`  [ RunTime:0.0005s ]

[ 2018-06-05T13:35:31+08:00 ] ::1 /today/todaystore/index.php?m=Home&c=back&a=fruitlist
INFO: [ app_init ] --START--
INFO: Run Behavior\BuildLiteBehavior [ RunTime:0.000013s ]
INFO: [ app_init ] --END-- [ RunTime:0.000367s ]
INFO: [ app_begin ] --START--
INFO: Run Behavior\ReadHtmlCacheBehavior [ RunTime:0.001028s ]
INFO: [ app_begin ] --END-- [ RunTime:0.001127s ]
SQL: SHOW COLUMNS FROM `fruit` [ RunTime:0.0080s ]
SQL: SELECT * FROM `fruit`  [ RunTime:0.0007s ]

[ 2018-06-05T13:35:37+08:00 ] ::1 /today/todaystore/index.php?m=Home&c=back&a=fruitlist
INFO: [ app_init ] --START--
INFO: Run Behavior\BuildLiteBehavior [ RunTime:0.000017s ]
INFO: [ app_init ] --END-- [ RunTime:0.000532s ]
INFO: [ app_begin ] --START--
INFO: Run Behavior\ReadHtmlCacheBehavior [ RunTime:0.000688s ]
INFO: [ app_begin ] --END-- [ RunTime:0.000766s ]
SQL: SHOW COLUMNS FROM `fruit` [ RunTime:0.0098s ]
SQL: SELECT * FROM `fruit`  [ RunTime:0.0006s ]

[ 2018-06-05T13:35:57+08:00 ] ::1 /today/todaystore/index.php?m=Home&c=back&a=imgssave
INFO: [ app_init ] --START--
INFO: Run Behavior\BuildLiteBehavior [ RunTime:0.000011s ]
INFO: [ app_init ] --END-- [ RunTime:0.000308s ]
INFO: [ app_begin ] --START--
INFO: Run Behavior\ReadHtmlCacheBehavior [ RunTime:0.000589s ]
INFO: [ app_begin ] --END-- [ RunTime:0.000627s ]
NOTIC: [2] call_user_func() expects parameter 1 to be a valid callback, no array or string given D:\apache\Apache24\htdocs\today\ThinkPHP\Library\Think\Upload.class.php 第 170 行.
NOTIC: [8] Undefined index: subName D:\apache\Apache24\htdocs\today\ThinkPHP\Library\Think\Upload.class.php 第 79 行.
NOTIC: [8] Undefined index: Filedata D:\apache\Apache24\htdocs\today\todaystoreApplication\Home\Controller\BackController.class.php 第 148 行.
NOTIC: [8] Undefined index: Filedata D:\apache\Apache24\htdocs\today\todaystoreApplication\Home\Controller\BackController.class.php 第 148 行.
SQL: SHOW COLUMNS FROM `fruit` [ RunTime:0.0099s ]
SQL: INSERT INTO `fruit` (`fruitname`,`fruitchina`,`fruitstatu`,`fruitleft`,`fruittype`,`fruitprice`,`fruitweight`) VALUES ('22','0','3','2','222','2','2') [ RunTime:0.0041s ]

[ 2018-06-05T13:37:02+08:00 ] ::1 /today/todaystore/index.php?m=Home&c=back&a=fruitlist
INFO: [ app_init ] --START--
INFO: Run Behavior\BuildLiteBehavior [ RunTime:0.000025s ]
INFO: [ app_init ] --END-- [ RunTime:0.000691s ]
INFO: [ app_begin ] --START--
INFO: Run Behavior\ReadHtmlCacheBehavior [ RunTime:0.001396s ]
INFO: [ app_begin ] --END-- [ RunTime:0.001513s ]
SQL: SHOW COLUMNS FROM `fruit` [ RunTime:0.0040s ]
SQL: SELECT * FROM `fruit`  [ RunTime:0.0004s ]

[ 2018-06-05T13:37:13+08:00 ] ::1 /today/todaystore/index.php?m=Home&c=back&a=delfruit
INFO: [ app_init ] --START--
INFO: Run Behavior\BuildLiteBehavior [ RunTime:0.000022s ]
INFO: [ app_init ] --END-- [ RunTime:0.000672s ]
INFO: [ app_begin ] --START--
INFO: Run Behavior\ReadHtmlCacheBehavior [ RunTime:0.001256s ]
INFO: [ app_begin ] --END-- [ RunTime:0.001348s ]
SQL: SHOW COLUMNS FROM `fruit` [ RunTime:0.0040s ]
SQL: DELETE FROM `fruit` WHERE `fruitid` = 1037 [ RunTime:0.0042s ]

[ 2018-06-05T13:37:19+08:00 ] ::1 /today/todaystore/index.php?m=Home&c=back&a=delfruit
INFO: [ app_init ] --START--
INFO: Run Behavior\BuildLiteBehavior [ RunTime:0.000053s ]
INFO: [ app_init ] --END-- [ RunTime:0.001350s ]
INFO: [ app_begin ] --START--
INFO: Run Behavior\ReadHtmlCacheBehavior [ RunTime:0.001055s ]
INFO: [ app_begin ] --END-- [ RunTime:0.001146s ]
SQL: SHOW COLUMNS FROM `fruit` [ RunTime:0.0064s ]
SQL: DELETE FROM `fruit` WHERE `fruitid` = 1038 [ RunTime:0.0040s ]

[ 2018-06-05T13:37:20+08:00 ] ::1 /today/todaystore/index.php?m=Home&c=back&a=fruitlist
INFO: [ app_init ] --START--
INFO: Run Behavior\BuildLiteBehavior [ RunTime:0.000013s ]
INFO: [ app_init ] --END-- [ RunTime:0.000428s ]
INFO: [ app_begin ] --START--
INFO: Run Behavior\ReadHtmlCacheBehavior [ RunTime:0.000638s ]
INFO: [ app_begin ] --END-- [ RunTime:0.000697s ]
SQL: SHOW COLUMNS FROM `fruit` [ RunTime:0.0074s ]
SQL: SELECT * FROM `fruit`  [ RunTime:0.0006s ]

[ 2018-06-05T13:37:34+08:00 ] ::1 /today/todaystore/index.php?m=Home&c=back&a=imgssave
INFO: [ app_init ] --START--
INFO: Run Behavior\BuildLiteBehavior [ RunTime:0.000012s ]
INFO: [ app_init ] --END-- [ RunTime:0.000337s ]
INFO: [ app_begin ] --START--
INFO: Run Behavior\ReadHtmlCacheBehavior [ RunTime:0.001270s ]
INFO: [ app_begin ] --END-- [ RunTime:0.001433s ]
NOTIC: [2] call_user_func() expects parameter 1 to be a valid callback, no array or string given D:\apache\Apache24\htdocs\today\ThinkPHP\Library\Think\Upload.class.php 第 170 行.
NOTIC: [8] Undefined index: subName D:\apache\Apache24\htdocs\today\ThinkPHP\Library\Think\Upload.class.php 第 79 行.
NOTIC: [8] Undefined index: Filedata D:\apache\Apache24\htdocs\today\todaystoreApplication\Home\Controller\BackController.class.php 第 148 行.
NOTIC: [8] Undefined index: Filedata D:\apache\Apache24\htdocs\today\todaystoreApplication\Home\Controller\BackController.class.php 第 148 行.
SQL: SHOW COLUMNS FROM `fruit` [ RunTime:0.0052s ]
SQL: INSERT INTO `fruit` (`fruitname`,`fruitchina`,`fruitstatu`,`fruitleft`,`fruittype`,`fruitprice`,`fruitweight`) VALUES ('1','0','2','1','1','1','1') [ RunTime:0.0046s ]

[ 2018-06-05T14:52:35+08:00 ] ::1 /today/todaystore/index.php?m=Home&c=back&a=client_list
INFO: [ app_init ] --START--
INFO: Run Behavior\BuildLiteBehavior [ RunTime:0.000020s ]
INFO: [ app_init ] --END-- [ RunTime:0.000584s ]
INFO: [ app_begin ] --START--
INFO: Run Behavior\ReadHtmlCacheBehavior [ RunTime:0.001093s ]
INFO: [ app_begin ] --END-- [ RunTime:0.001173s ]
SQL: SHOW COLUMNS FROM `client_information` [ RunTime:0.0169s ]
SQL: SELECT * FROM `client_information`  [ RunTime:0.0011s ]

[ 2018-06-05T14:54:25+08:00 ] ::1 /today/todaystore/index.php?m=Home&c=back&a=fankui
INFO: [ app_init ] --START--
INFO: Run Behavior\BuildLiteBehavior [ RunTime:0.000041s ]
INFO: [ app_init ] --END-- [ RunTime:0.001167s ]
INFO: [ app_begin ] --START--
INFO: Run Behavior\ReadHtmlCacheBehavior [ RunTime:0.002195s ]
INFO: [ app_begin ] --END-- [ RunTime:0.002356s ]
SQL: SHOW COLUMNS FROM `fankui` [ RunTime:0.0217s ]
SQL: SELECT * FROM `fankui`  [ RunTime:0.0018s ]

[ 2018-06-05T14:54:34+08:00 ] ::1 /today/todaystore/index.php?m=Home&c=back&a=fankui_finish
INFO: [ app_init ] --START--
INFO: Run Behavior\BuildLiteBehavior [ RunTime:0.000012s ]
INFO: [ app_init ] --END-- [ RunTime:0.000389s ]
INFO: [ app_begin ] --START--
INFO: Run Behavior\ReadHtmlCacheBehavior [ RunTime:0.000689s ]
INFO: [ app_begin ] --END-- [ RunTime:0.000737s ]
SQL: SHOW COLUMNS FROM `fankui` [ RunTime:0.0216s ]
SQL: UPDATE `fankui` SET `fankuistatu`='0' WHERE `fankuiid` = 18 [ RunTime:0.0062s ]

[ 2018-06-05T14:54:36+08:00 ] ::1 /today/todaystore/index.php?m=Home&c=back&a=fankui_finish
INFO: [ app_init ] --START--
INFO: Run Behavior\BuildLiteBehavior [ RunTime:0.000012s ]
INFO: [ app_init ] --END-- [ RunTime:0.000396s ]
INFO: [ app_begin ] --START--
INFO: Run Behavior\ReadHtmlCacheBehavior [ RunTime:0.000697s ]
INFO: [ app_begin ] --END-- [ RunTime:0.000750s ]
SQL: SHOW COLUMNS FROM `fankui` [ RunTime:0.0187s ]
SQL: UPDATE `fankui` SET `fankuistatu`='0' WHERE `fankuiid` = 18 [ RunTime:0.0048s ]

[ 2018-06-05T14:54:38+08:00 ] ::1 /today/todaystore/index.php?m=Home&c=back&a=fankui
INFO: [ app_init ] --START--
INFO: Run Behavior\BuildLiteBehavior [ RunTime:0.000026s ]
INFO: [ app_init ] --END-- [ RunTime:0.000946s ]
INFO: [ app_begin ] --START--
INFO: Run Behavior\ReadHtmlCacheBehavior [ RunTime:0.001687s ]
INFO: [ app_begin ] --END-- [ RunTime:0.001833s ]
SQL: SHOW COLUMNS FROM `fankui` [ RunTime:0.0227s ]
SQL: SELECT * FROM `fankui`  [ RunTime:0.0015s ]

[ 2018-06-05T15:24:56+08:00 ] ::1 /today/todaystore/index.php?m=Home&c=back&a=fankui
INFO: [ app_init ] --START--
INFO: Run Behavior\BuildLiteBehavior [ RunTime:0.000035s ]
INFO: [ app_init ] --END-- [ RunTime:0.001262s ]
INFO: [ app_begin ] --START--
INFO: Run Behavior\ReadHtmlCacheBehavior [ RunTime:0.002063s ]
INFO: [ app_begin ] --END-- [ RunTime:0.002201s ]
SQL: SHOW COLUMNS FROM `fankui` [ RunTime:0.0249s ]
SQL: SELECT * FROM `fankui`  [ RunTime:0.0013s ]

[ 2018-06-05T15:28:31+08:00 ] ::1 /today/todaystore/index.php?m=Home&c=back&a=fankui
INFO: [ app_init ] --START--
INFO: Run Behavior\BuildLiteBehavior [ RunTime:0.000021s ]
INFO: [ app_init ] --END-- [ RunTime:0.000640s ]
INFO: [ app_begin ] --START--
INFO: Run Behavior\ReadHtmlCacheBehavior [ RunTime:0.001372s ]
INFO: [ app_begin ] --END-- [ RunTime:0.001481s ]
SQL: SHOW COLUMNS FROM `fankui` [ RunTime:0.0111s ]
SQL: SELECT * FROM `fankui`  [ RunTime:0.0008s ]

[ 2018-06-05T15:30:51+08:00 ] ::1 /today/todaystore/index.php?m=Home&c=back&a=fankui
INFO: [ app_init ] --START--
INFO: Run Behavior\BuildLiteBehavior [ RunTime:0.000047s ]
INFO: [ app_init ] --END-- [ RunTime:0.003280s ]
INFO: [ app_begin ] --START--
INFO: Run Behavior\ReadHtmlCacheBehavior [ RunTime:0.001107s ]
INFO: [ app_begin ] --END-- [ RunTime:0.001189s ]
SQL: SHOW COLUMNS FROM `fankui` [ RunTime:0.0175s ]
SQL: SELECT * FROM `fankui`  [ RunTime:0.0012s ]

[ 2018-06-05T15:30:58+08:00 ] ::1 /today/todaystore/index.php?m=Home&c=back&a=fankui
INFO: [ app_init ] --START--
INFO: Run Behavior\BuildLiteBehavior [ RunTime:0.000020s ]
INFO: [ app_init ] --END-- [ RunTime:0.000735s ]
INFO: [ app_begin ] --START--
INFO: Run Behavior\ReadHtmlCacheBehavior [ RunTime:0.001000s ]
INFO: [ app_begin ] --END-- [ RunTime:0.001074s ]
SQL: SHOW COLUMNS FROM `fankui` [ RunTime:0.0152s ]
SQL: SELECT * FROM `fankui`  [ RunTime:0.0013s ]

[ 2018-06-05T15:32:01+08:00 ] ::1 /today/todaystore/index.php?m=Home&c=back&a=fankui
INFO: [ app_init ] --START--
INFO: Run Behavior\BuildLiteBehavior [ RunTime:0.000028s ]
INFO: [ app_init ] --END-- [ RunTime:0.000918s ]
INFO: [ app_begin ] --START--
INFO: Run Behavior\ReadHtmlCacheBehavior [ RunTime:0.001787s ]
INFO: [ app_begin ] --END-- [ RunTime:0.001917s ]
SQL: SHOW COLUMNS FROM `fankui` [ RunTime:0.0198s ]
SQL: SELECT * FROM `fankui`  [ RunTime:0.0012s ]

[ 2018-06-05T15:32:14+08:00 ] ::1 /today/todaystore/index.php?m=Home&c=back&a=fankui
INFO: [ app_init ] --START--
INFO: Run Behavior\BuildLiteBehavior [ RunTime:0.000024s ]
INFO: [ app_init ] --END-- [ RunTime:0.000801s ]
INFO: [ app_begin ] --START--
INFO: Run Behavior\ReadHtmlCacheBehavior [ RunTime:0.000880s ]
INFO: [ app_begin ] --END-- [ RunTime:0.000949s ]
SQL: SHOW COLUMNS FROM `fankui` [ RunTime:0.0168s ]
SQL: SELECT * FROM `fankui`  [ RunTime:0.0012s ]

[ 2018-06-05T15:33:40+08:00 ] ::1 /today/todaystore/index.php?m=Home&c=back&a=client_list
INFO: [ app_init ] --START--
INFO: Run Behavior\BuildLiteBehavior [ RunTime:0.000026s ]
INFO: [ app_init ] --END-- [ RunTime:0.000736s ]
INFO: [ app_begin ] --START--
INFO: Run Behavior\ReadHtmlCacheBehavior [ RunTime:0.002266s ]
INFO: [ app_begin ] --END-- [ RunTime:0.002426s ]
SQL: SHOW COLUMNS FROM `client_information` [ RunTime:0.0163s ]
SQL: SELECT * FROM `client_information`  [ RunTime:0.0012s ]

[ 2018-06-05T15:33:41+08:00 ] ::1 /today/todaystore/index.php?m=Home&c=back&a=fankui
INFO: [ app_init ] --START--
INFO: Run Behavior\BuildLiteBehavior [ RunTime:0.000018s ]
INFO: [ app_init ] --END-- [ RunTime:0.000704s ]
INFO: [ app_begin ] --START--
INFO: Run Behavior\ReadHtmlCacheBehavior [ RunTime:0.002189s ]
INFO: [ app_begin ] --END-- [ RunTime:0.002393s ]
SQL: SHOW COLUMNS FROM `fankui` [ RunTime:0.0162s ]
SQL: SELECT * FROM `fankui`  [ RunTime:0.0016s ]

[ 2018-06-05T15:36:12+08:00 ] ::1 /today/todaystore/index.php?m=Home&c=back&a=fankui
INFO: [ app_init ] --START--
INFO: Run Behavior\BuildLiteBehavior [ RunTime:0.000016s ]
INFO: [ app_init ] --END-- [ RunTime:0.000530s ]
INFO: [ app_begin ] --START--
INFO: Run Behavior\ReadHtmlCacheBehavior [ RunTime:0.002074s ]
INFO: [ app_begin ] --END-- [ RunTime:0.002210s ]
SQL: SHOW COLUMNS FROM `fankui` [ RunTime:0.0225s ]
SQL: SELECT * FROM `fankui`  [ RunTime:0.0013s ]

[ 2018-06-05T15:36:32+08:00 ] ::1 /today/todaystore/index.php?m=Home&c=back&a=fankui
INFO: [ app_init ] --START--
INFO: Run Behavior\BuildLiteBehavior [ RunTime:0.000025s ]
INFO: [ app_init ] --END-- [ RunTime:0.000859s ]
INFO: [ app_begin ] --START--
INFO: Run Behavior\ReadHtmlCacheBehavior [ RunTime:0.002758s ]
INFO: [ app_begin ] --END-- [ RunTime:0.003118s ]
SQL: SHOW COLUMNS FROM `fankui` [ RunTime:0.0156s ]
SQL: SELECT * FROM `fankui`  [ RunTime:0.0012s ]

[ 2018-06-05T15:37:08+08:00 ] ::1 /today/todaystore/index.php?m=Home&c=back&a=fankui
INFO: [ app_init ] --START--
INFO: Run Behavior\BuildLiteBehavior [ RunTime:0.000025s ]
INFO: [ app_init ] --END-- [ RunTime:0.000690s ]
INFO: [ app_begin ] --START--
INFO: Run Behavior\ReadHtmlCacheBehavior [ RunTime:0.001724s ]
INFO: [ app_begin ] --END-- [ RunTime:0.001891s ]
SQL: SHOW COLUMNS FROM `fankui` [ RunTime:0.0183s ]
SQL: SELECT * FROM `fankui`  [ RunTime:0.0017s ]

[ 2018-06-05T15:37:09+08:00 ] ::1 /today/todaystore/index.php?m=Home&c=back&a=client_list
INFO: [ app_init ] --START--
INFO: Run Behavior\BuildLiteBehavior [ RunTime:0.000024s ]
INFO: [ app_init ] --END-- [ RunTime:0.000741s ]
INFO: [ app_begin ] --START--
INFO: Run Behavior\ReadHtmlCacheBehavior [ RunTime:0.001803s ]
INFO: [ app_begin ] --END-- [ RunTime:0.001970s ]
SQL: SHOW COLUMNS FROM `client_information` [ RunTime:0.0156s ]
SQL: SELECT * FROM `client_information`  [ RunTime:0.0011s ]

[ 2018-06-05T15:37:25+08:00 ] ::1 /today/todaystore/index.php?m=Home&c=back&a=client_list
INFO: [ app_init ] --START--
INFO: Run Behavior\BuildLiteBehavior [ RunTime:0.000025s ]
INFO: [ app_init ] --END-- [ RunTime:0.000784s ]
INFO: [ app_begin ] --START--
INFO: Run Behavior\ReadHtmlCacheBehavior [ RunTime:0.008049s ]
INFO: [ app_begin ] --END-- [ RunTime:0.008156s ]
SQL: SHOW COLUMNS FROM `client_information` [ RunTime:0.0220s ]
SQL: SELECT * FROM `client_information`  [ RunTime:0.0020s ]

[ 2018-06-05T15:37:26+08:00 ] ::1 /today/todaystore/index.php?m=Home&c=back&a=fankui
INFO: [ app_init ] --START--
INFO: Run Behavior\BuildLiteBehavior [ RunTime:0.000026s ]
INFO: [ app_init ] --END-- [ RunTime:0.000910s ]
INFO: [ app_begin ] --START--
INFO: Run Behavior\ReadHtmlCacheBehavior [ RunTime:0.001465s ]
INFO: [ app_begin ] --END-- [ RunTime:0.001566s ]
SQL: SHOW COLUMNS FROM `fankui` [ RunTime:0.0226s ]
SQL: SELECT * FROM `fankui`  [ RunTime:0.0024s ]

[ 2018-06-05T15:37:37+08:00 ] ::1 /today/todaystore/index.php?m=Home&c=back&a=fankui
INFO: [ app_init ] --START--
INFO: Run Behavior\BuildLiteBehavior [ RunTime:0.000055s ]
INFO: [ app_init ] --END-- [ RunTime:0.001153s ]
INFO: [ app_begin ] --START--
INFO: Run Behavior\ReadHtmlCacheBehavior [ RunTime:0.001454s ]
INFO: [ app_begin ] --END-- [ RunTime:0.001575s ]
SQL: SHOW COLUMNS FROM `fankui` [ RunTime:0.0227s ]
SQL: SELECT * FROM `fankui`  [ RunTime:0.0016s ]

[ 2018-06-05T15:37:38+08:00 ] ::1 /today/todaystore/index.php?m=Home&c=back&a=client_list
INFO: [ app_init ] --START--
INFO: Run Behavior\BuildLiteBehavior [ RunTime:0.000026s ]
INFO: [ app_init ] --END-- [ RunTime:0.000812s ]
INFO: [ app_begin ] --START--
INFO: Run Behavior\ReadHtmlCacheBehavior [ RunTime:0.001528s ]
INFO: [ app_begin ] --END-- [ RunTime:0.001636s ]
SQL: SHOW COLUMNS FROM `client_information` [ RunTime:0.0166s ]
SQL: SELECT * FROM `client_information`  [ RunTime:0.0015s ]

[ 2018-06-05T15:38:02+08:00 ] ::1 /today/todaystore/index.php?m=Home&c=back&a=fankui
INFO: [ app_init ] --START--
INFO: Run Behavior\BuildLiteBehavior [ RunTime:0.000023s ]
INFO: [ app_init ] --END-- [ RunTime:0.000753s ]
INFO: [ app_begin ] --START--
INFO: Run Behavior\ReadHtmlCacheBehavior [ RunTime:0.001311s ]
INFO: [ app_begin ] --END-- [ RunTime:0.001412s ]
SQL: SHOW COLUMNS FROM `fankui` [ RunTime:0.0216s ]
SQL: SELECT * FROM `fankui`  [ RunTime:0.0017s ]

[ 2018-06-05T15:38:03+08:00 ] ::1 /today/todaystore/index.php?m=Home&c=back&a=client_list
INFO: [ app_init ] --START--
INFO: Run Behavior\BuildLiteBehavior [ RunTime:0.000069s ]
INFO: [ app_init ] --END-- [ RunTime:0.001249s ]
INFO: [ app_begin ] --START--
INFO: Run Behavior\ReadHtmlCacheBehavior [ RunTime:0.003583s ]
INFO: [ app_begin ] --END-- [ RunTime:0.003701s ]
SQL: SHOW COLUMNS FROM `client_information` [ RunTime:0.0186s ]
SQL: SELECT * FROM `client_information`  [ RunTime:0.0015s ]

[ 2018-06-05T15:45:47+08:00 ] ::1 /today/todaystore/index.php?m=Home&c=back&a=fankui
INFO: [ app_init ] --START--
INFO: Run Behavior\BuildLiteBehavior [ RunTime:0.000025s ]
INFO: [ app_init ] --END-- [ RunTime:0.000828s ]
INFO: [ app_begin ] --START--
INFO: Run Behavior\ReadHtmlCacheBehavior [ RunTime:0.002056s ]
INFO: [ app_begin ] --END-- [ RunTime:0.002164s ]
SQL: SHOW COLUMNS FROM `fankui` [ RunTime:0.0220s ]
SQL: SELECT * FROM `fankui`  [ RunTime:0.0014s ]

[ 2018-06-05T15:45:48+08:00 ] ::1 /today/todaystore/index.php?m=Home&c=back&a=client_list
INFO: [ app_init ] --START--
INFO: Run Behavior\BuildLiteBehavior [ RunTime:0.000028s ]
INFO: [ app_init ] --END-- [ RunTime:0.001619s ]
INFO: [ app_begin ] --START--
INFO: Run Behavior\ReadHtmlCacheBehavior [ RunTime:0.001501s ]
INFO: [ app_begin ] --END-- [ RunTime:0.001615s ]
SQL: SHOW COLUMNS FROM `client_information` [ RunTime:0.0251s ]
SQL: SELECT * FROM `client_information`  [ RunTime:0.0017s ]

[ 2018-06-05T15:47:03+08:00 ] ::1 /today/todaystore/index.php?m=Home&c=back&a=fankui
INFO: [ app_init ] --START--
INFO: Run Behavior\BuildLiteBehavior [ RunTime:0.000028s ]
INFO: [ app_init ] --END-- [ RunTime:0.000851s ]
INFO: [ app_begin ] --START--
INFO: Run Behavior\ReadHtmlCacheBehavior [ RunTime:0.001474s ]
INFO: [ app_begin ] --END-- [ RunTime:0.001622s ]
SQL: SHOW COLUMNS FROM `fankui` [ RunTime:0.0158s ]
SQL: SELECT * FROM `fankui`  [ RunTime:0.0013s ]

[ 2018-06-05T15:47:04+08:00 ] ::1 /today/todaystore/index.php?m=Home&c=back&a=client_list
INFO: [ app_init ] --START--
INFO: Run Behavior\BuildLiteBehavior [ RunTime:0.000017s ]
INFO: [ app_init ] --END-- [ RunTime:0.000737s ]
INFO: [ app_begin ] --START--
INFO: Run Behavior\ReadHtmlCacheBehavior [ RunTime:0.001425s ]
INFO: [ app_begin ] --END-- [ RunTime:0.001531s ]
SQL: SHOW COLUMNS FROM `client_information` [ RunTime:0.0205s ]
SQL: SELECT * FROM `client_information`  [ RunTime:0.0013s ]

[ 2018-06-05T15:47:17+08:00 ] ::1 /today/todaystore/index.php?m=Home&c=back&a=fankui
INFO: [ app_init ] --START--
INFO: Run Behavior\BuildLiteBehavior [ RunTime:0.000026s ]
INFO: [ app_init ] --END-- [ RunTime:0.000693s ]
INFO: [ app_begin ] --START--
INFO: Run Behavior\ReadHtmlCacheBehavior [ RunTime:0.002171s ]
INFO: [ app_begin ] --END-- [ RunTime:0.002279s ]
SQL: SHOW COLUMNS FROM `fankui` [ RunTime:0.0064s ]
SQL: SELECT * FROM `fankui`  [ RunTime:0.0005s ]

[ 2018-06-05T15:47:18+08:00 ] ::1 /today/todaystore/index.php?m=Home&c=back&a=client_list
INFO: [ app_init ] --START--
INFO: Run Behavior\BuildLiteBehavior [ RunTime:0.000019s ]
INFO: [ app_init ] --END-- [ RunTime:0.000680s ]
INFO: [ app_begin ] --START--
INFO: Run Behavior\ReadHtmlCacheBehavior [ RunTime:0.001195s ]
INFO: [ app_begin ] --END-- [ RunTime:0.001291s ]
SQL: SHOW COLUMNS FROM `client_information` [ RunTime:0.0195s ]
SQL: SELECT * FROM `client_information`  [ RunTime:0.0013s ]

[ 2018-06-05T15:47:25+08:00 ] ::1 /today/todaystore/index.php?m=Home&c=back&a=fankui
INFO: [ app_init ] --START--
INFO: Run Behavior\BuildLiteBehavior [ RunTime:0.000024s ]
INFO: [ app_init ] --END-- [ RunTime:0.000740s ]
INFO: [ app_begin ] --START--
INFO: Run Behavior\ReadHtmlCacheBehavior [ RunTime:0.001253s ]
INFO: [ app_begin ] --END-- [ RunTime:0.001345s ]
SQL: SHOW COLUMNS FROM `fankui` [ RunTime:0.0174s ]
SQL: SELECT * FROM `fankui`  [ RunTime:0.0014s ]

[ 2018-06-05T15:47:26+08:00 ] ::1 /today/todaystore/index.php?m=Home&c=back&a=client_list
INFO: [ app_init ] --START--
INFO: Run Behavior\BuildLiteBehavior [ RunTime:0.000028s ]
INFO: [ app_init ] --END-- [ RunTime:0.000932s ]
INFO: [ app_begin ] --START--
INFO: Run Behavior\ReadHtmlCacheBehavior [ RunTime:0.002892s ]
INFO: [ app_begin ] --END-- [ RunTime:0.003009s ]
SQL: SHOW COLUMNS FROM `client_information` [ RunTime:0.0174s ]
SQL: SELECT * FROM `client_information`  [ RunTime:0.0011s ]

[ 2018-06-05T15:51:10+08:00 ] ::1 /today/todaystore/index.php?m=Home&c=back&a=client_list
INFO: [ app_init ] --START--
INFO: Run Behavior\BuildLiteBehavior [ RunTime:0.000024s ]
INFO: [ app_init ] --END-- [ RunTime:0.000765s ]
INFO: [ app_begin ] --START--
INFO: Run Behavior\ReadHtmlCacheBehavior [ RunTime:0.001407s ]
INFO: [ app_begin ] --END-- [ RunTime:0.001544s ]
SQL: SHOW COLUMNS FROM `client_information` [ RunTime:0.0169s ]
SQL: SELECT * FROM `client_information`  [ RunTime:0.0013s ]

[ 2018-06-05T15:51:11+08:00 ] ::1 /today/todaystore/index.php?m=Home&c=back&a=fankui
INFO: [ app_init ] --START--
INFO: Run Behavior\BuildLiteBehavior [ RunTime:0.000029s ]
INFO: [ app_init ] --END-- [ RunTime:0.001283s ]
INFO: [ app_begin ] --START--
INFO: Run Behavior\ReadHtmlCacheBehavior [ RunTime:0.017059s ]
INFO: [ app_begin ] --END-- [ RunTime:0.017214s ]
SQL: SHOW COLUMNS FROM `fankui` [ RunTime:0.0187s ]
SQL: SELECT * FROM `fankui`  [ RunTime:0.0015s ]

[ 2018-06-05T15:51:15+08:00 ] ::1 /today/todaystore/index.php?m=Home&c=back&a=client_list
INFO: [ app_init ] --START--
INFO: Run Behavior\BuildLiteBehavior [ RunTime:0.000026s ]
INFO: [ app_init ] --END-- [ RunTime:0.000863s ]
INFO: [ app_begin ] --START--
INFO: Run Behavior\ReadHtmlCacheBehavior [ RunTime:0.001920s ]
INFO: [ app_begin ] --END-- [ RunTime:0.002034s ]
SQL: SHOW COLUMNS FROM `client_information` [ RunTime:0.0109s ]
SQL: SELECT * FROM `client_information`  [ RunTime:0.0006s ]

[ 2018-06-05T15:51:16+08:00 ] ::1 /today/todaystore/index.php?m=Home&c=back&a=fankui
INFO: [ app_init ] --START--
INFO: Run Behavior\BuildLiteBehavior [ RunTime:0.000039s ]
INFO: [ app_init ] --END-- [ RunTime:0.001377s ]
INFO: [ app_begin ] --START--
INFO: Run Behavior\ReadHtmlCacheBehavior [ RunTime:0.001662s ]
INFO: [ app_begin ] --END-- [ RunTime:0.001778s ]
SQL: SHOW COLUMNS FROM `fankui` [ RunTime:0.0066s ]
SQL: SELECT * FROM `fankui`  [ RunTime:0.0005s ]

[ 2018-06-05T15:52:15+08:00 ] ::1 /today/todaystore/index.php?m=Home&c=back&a=fankui
INFO: [ app_init ] --START--
INFO: Run Behavior\BuildLiteBehavior [ RunTime:0.000027s ]
INFO: [ app_init ] --END-- [ RunTime:0.000768s ]
INFO: [ app_begin ] --START--
INFO: Run Behavior\ReadHtmlCacheBehavior [ RunTime:0.004604s ]
INFO: [ app_begin ] --END-- [ RunTime:0.004726s ]
SQL: SHOW COLUMNS FROM `fankui` [ RunTime:0.0184s ]
SQL: SELECT * FROM `fankui`  [ RunTime:0.0013s ]

[ 2018-06-05T15:52:17+08:00 ] ::1 /today/todaystore/index.php?m=Home&c=back&a=client_list
INFO: [ app_init ] --START--
INFO: Run Behavior\BuildLiteBehavior [ RunTime:0.000030s ]
INFO: [ app_init ] --END-- [ RunTime:0.002118s ]
INFO: [ app_begin ] --START--
INFO: Run Behavior\ReadHtmlCacheBehavior [ RunTime:0.001753s ]
INFO: [ app_begin ] --END-- [ RunTime:0.001878s ]
SQL: SHOW COLUMNS FROM `client_information` [ RunTime:0.0166s ]
SQL: SELECT * FROM `client_information`  [ RunTime:0.0011s ]

[ 2018-06-05T15:52:50+08:00 ] ::1 /today/todaystore/index.php?m=Home&c=back&a=fankui
INFO: [ app_init ] --START--
INFO: Run Behavior\BuildLiteBehavior [ RunTime:0.000045s ]
INFO: [ app_init ] --END-- [ RunTime:0.001715s ]
INFO: [ app_begin ] --START--
INFO: Run Behavior\ReadHtmlCacheBehavior [ RunTime:0.001289s ]
INFO: [ app_begin ] --END-- [ RunTime:0.001397s ]
SQL: SHOW COLUMNS FROM `fankui` [ RunTime:0.0190s ]
SQL: SELECT * FROM `fankui`  [ RunTime:0.0014s ]

[ 2018-06-05T15:52:51+08:00 ] ::1 /today/todaystore/index.php?m=Home&c=back&a=client_list
INFO: [ app_init ] --START--
INFO: Run Behavior\BuildLiteBehavior [ RunTime:0.000036s ]
INFO: [ app_init ] --END-- [ RunTime:0.001071s ]
INFO: [ app_begin ] --START--
INFO: Run Behavior\ReadHtmlCacheBehavior [ RunTime:0.002958s ]
INFO: [ app_begin ] --END-- [ RunTime:0.003124s ]
SQL: SHOW COLUMNS FROM `client_information` [ RunTime:0.0155s ]
SQL: SELECT * FROM `client_information`  [ RunTime:0.0013s ]

[ 2018-06-05T15:55:30+08:00 ] ::1 /today/todaystore/index.php?m=Home&c=back&a=client_list
INFO: [ app_init ] --START--
INFO: Run Behavior\BuildLiteBehavior [ RunTime:0.000025s ]
INFO: [ app_init ] --END-- [ RunTime:0.000695s ]
INFO: [ app_begin ] --START--
INFO: Run Behavior\ReadHtmlCacheBehavior [ RunTime:0.002127s ]
INFO: [ app_begin ] --END-- [ RunTime:0.002925s ]
SQL: SHOW COLUMNS FROM `client_information` [ RunTime:0.0164s ]
SQL: SELECT * FROM `client_information`  [ RunTime:0.0011s ]

[ 2018-06-05T15:55:31+08:00 ] ::1 /today/todaystore/index.php?m=Home&c=back&a=fankui
INFO: [ app_init ] --START--
INFO: Run Behavior\BuildLiteBehavior [ RunTime:0.000029s ]
INFO: [ app_init ] --END-- [ RunTime:0.004428s ]
INFO: [ app_begin ] --START--
INFO: Run Behavior\ReadHtmlCacheBehavior [ RunTime:0.001383s ]
INFO: [ app_begin ] --END-- [ RunTime:0.001654s ]
SQL: SHOW COLUMNS FROM `fankui` [ RunTime:0.0179s ]
SQL: SELECT * FROM `fankui`  [ RunTime:0.0014s ]

[ 2018-06-05T15:55:51+08:00 ] ::1 /today/todaystore/index.php?m=Home&c=back&a=client_list
INFO: [ app_init ] --START--
INFO: Run Behavior\BuildLiteBehavior [ RunTime:0.000029s ]
INFO: [ app_init ] --END-- [ RunTime:0.003020s ]
INFO: [ app_begin ] --START--
INFO: Run Behavior\ReadHtmlCacheBehavior [ RunTime:0.001643s ]
INFO: [ app_begin ] --END-- [ RunTime:0.001824s ]
SQL: SHOW COLUMNS FROM `client_information` [ RunTime:0.0161s ]
SQL: SELECT * FROM `client_information`  [ RunTime:0.0011s ]

[ 2018-06-05T15:55:52+08:00 ] ::1 /today/todaystore/index.php?m=Home&c=back&a=fankui
INFO: [ app_init ] --START--
INFO: Run Behavior\BuildLiteBehavior [ RunTime:0.000026s ]
INFO: [ app_init ] --END-- [ RunTime:0.001002s ]
INFO: [ app_begin ] --START--
INFO: Run Behavior\ReadHtmlCacheBehavior [ RunTime:0.001371s ]
INFO: [ app_begin ] --END-- [ RunTime:0.001475s ]
SQL: SHOW COLUMNS FROM `fankui` [ RunTime:0.0146s ]
SQL: SELECT * FROM `fankui`  [ RunTime:0.0013s ]

[ 2018-06-05T15:56:17+08:00 ] ::1 /today/todaystore/index.php?m=Home&c=back&a=fankui
INFO: [ app_init ] --START--
INFO: Run Behavior\BuildLiteBehavior [ RunTime:0.000023s ]
INFO: [ app_init ] --END-- [ RunTime:0.000754s ]
INFO: [ app_begin ] --START--
INFO: Run Behavior\ReadHtmlCacheBehavior [ RunTime:0.009020s ]
INFO: [ app_begin ] --END-- [ RunTime:0.009121s ]
SQL: SHOW COLUMNS FROM `fankui` [ RunTime:0.0155s ]
SQL: SELECT * FROM `fankui`  [ RunTime:0.0012s ]

[ 2018-06-05T15:56:19+08:00 ] ::1 /today/todaystore/index.php?m=Home&c=back&a=client_list
INFO: [ app_init ] --START--
INFO: Run Behavior\BuildLiteBehavior [ RunTime:0.000051s ]
INFO: [ app_init ] --END-- [ RunTime:0.000723s ]
INFO: [ app_begin ] --START--
INFO: Run Behavior\ReadHtmlCacheBehavior [ RunTime:0.002577s ]
INFO: [ app_begin ] --END-- [ RunTime:0.002691s ]
SQL: SHOW COLUMNS FROM `client_information` [ RunTime:0.0163s ]
SQL: SELECT * FROM `client_information`  [ RunTime:0.0011s ]

[ 2018-06-05T15:56:50+08:00 ] ::1 /today/todaystore/index.php?m=Home&c=back&a=client_list
INFO: [ app_init ] --START--
INFO: Run Behavior\BuildLiteBehavior [ RunTime:0.000026s ]
INFO: [ app_init ] --END-- [ RunTime:0.000762s ]
INFO: [ app_begin ] --START--
INFO: Run Behavior\ReadHtmlCacheBehavior [ RunTime:0.001561s ]
INFO: [ app_begin ] --END-- [ RunTime:0.001687s ]
SQL: SHOW COLUMNS FROM `client_information` [ RunTime:0.0186s ]
SQL: SELECT * FROM `client_information`  [ RunTime:0.0012s ]

[ 2018-06-05T15:56:52+08:00 ] ::1 /today/todaystore/index.php?m=Home&c=back&a=fankui
INFO: [ app_init ] --START--
INFO: Run Behavior\BuildLiteBehavior [ RunTime:0.000027s ]
INFO: [ app_init ] --END-- [ RunTime:0.003896s ]
INFO: [ app_begin ] --START--
INFO: Run Behavior\ReadHtmlCacheBehavior [ RunTime:0.001490s ]
INFO: [ app_begin ] --END-- [ RunTime:0.001595s ]
SQL: SHOW COLUMNS FROM `fankui` [ RunTime:0.0157s ]
SQL: SELECT * FROM `fankui`  [ RunTime:0.0013s ]

[ 2018-06-05T15:57:30+08:00 ] ::1 /today/todaystore/index.php?m=Home&c=back&a=client_list
INFO: [ app_init ] --START--
INFO: Run Behavior\BuildLiteBehavior [ RunTime:0.000023s ]
INFO: [ app_init ] --END-- [ RunTime:0.000821s ]
INFO: [ app_begin ] --START--
INFO: Run Behavior\ReadHtmlCacheBehavior [ RunTime:0.002060s ]
INFO: [ app_begin ] --END-- [ RunTime:0.002185s ]
SQL: SHOW COLUMNS FROM `client_information` [ RunTime:0.0104s ]
SQL: SELECT * FROM `client_information`  [ RunTime:0.0005s ]

[ 2018-06-05T15:57:31+08:00 ] ::1 /today/todaystore/index.php?m=Home&c=back&a=fankui
INFO: [ app_init ] --START--
INFO: Run Behavior\BuildLiteBehavior [ RunTime:0.000025s ]
INFO: [ app_init ] --END-- [ RunTime:0.000763s ]
INFO: [ app_begin ] --START--
INFO: Run Behavior\ReadHtmlCacheBehavior [ RunTime:0.002137s ]
INFO: [ app_begin ] --END-- [ RunTime:0.002233s ]
SQL: SHOW COLUMNS FROM `fankui` [ RunTime:0.0061s ]
SQL: SELECT * FROM `fankui`  [ RunTime:0.0006s ]

[ 2018-06-05T15:57:46+08:00 ] ::1 /today/todaystore/index.php?m=Home&c=back&a=fankui
INFO: [ app_init ] --START--
INFO: Run Behavior\BuildLiteBehavior [ RunTime:0.000027s ]
INFO: [ app_init ] --END-- [ RunTime:0.001724s ]
INFO: [ app_begin ] --START--
INFO: Run Behavior\ReadHtmlCacheBehavior [ RunTime:0.001661s ]
INFO: [ app_begin ] --END-- [ RunTime:0.001777s ]
SQL: SHOW COLUMNS FROM `fankui` [ RunTime:0.0186s ]
SQL: SELECT * FROM `fankui`  [ RunTime:0.0015s ]

[ 2018-06-05T15:57:47+08:00 ] ::1 /today/todaystore/index.php?m=Home&c=back&a=client_list
INFO: [ app_init ] --START--
INFO: Run Behavior\BuildLiteBehavior [ RunTime:0.000030s ]
INFO: [ app_init ] --END-- [ RunTime:0.001039s ]
INFO: [ app_begin ] --START--
INFO: Run Behavior\ReadHtmlCacheBehavior [ RunTime:0.006212s ]
INFO: [ app_begin ] --END-- [ RunTime:0.006329s ]
SQL: SHOW COLUMNS FROM `client_information` [ RunTime:0.0176s ]
SQL: SELECT * FROM `client_information`  [ RunTime:0.0014s ]

[ 2018-06-05T15:58:27+08:00 ] ::1 /today/todaystore/index.php?m=Home&c=back&a=fankui
INFO: [ app_init ] --START--
INFO: Run Behavior\BuildLiteBehavior [ RunTime:0.000025s ]
INFO: [ app_init ] --END-- [ RunTime:0.000707s ]
INFO: [ app_begin ] --START--
INFO: Run Behavior\ReadHtmlCacheBehavior [ RunTime:0.001479s ]
INFO: [ app_begin ] --END-- [ RunTime:0.001593s ]
SQL: SHOW COLUMNS FROM `fankui` [ RunTime:0.0168s ]
SQL: SELECT * FROM `fankui`  [ RunTime:0.0012s ]

[ 2018-06-05T15:58:28+08:00 ] ::1 /today/todaystore/index.php?m=Home&c=back&a=client_list
INFO: [ app_init ] --START--
INFO: Run Behavior\BuildLiteBehavior [ RunTime:0.000020s ]
INFO: [ app_init ] --END-- [ RunTime:0.000683s ]
INFO: [ app_begin ] --START--
INFO: Run Behavior\ReadHtmlCacheBehavior [ RunTime:0.001495s ]
INFO: [ app_begin ] --END-- [ RunTime:0.001609s ]
SQL: SHOW COLUMNS FROM `client_information` [ RunTime:0.0173s ]
SQL: SELECT * FROM `client_information`  [ RunTime:0.0012s ]

[ 2018-06-05T15:58:46+08:00 ] ::1 /today/todaystore/index.php?m=Home&c=back&a=fankui
INFO: [ app_init ] --START--
INFO: Run Behavior\BuildLiteBehavior [ RunTime:0.000028s ]
INFO: [ app_init ] --END-- [ RunTime:0.000971s ]
INFO: [ app_begin ] --START--
INFO: Run Behavior\ReadHtmlCacheBehavior [ RunTime:0.001911s ]
INFO: [ app_begin ] --END-- [ RunTime:0.002035s ]
SQL: SHOW COLUMNS FROM `fankui` [ RunTime:0.0152s ]
SQL: SELECT * FROM `fankui`  [ RunTime:0.0012s ]

[ 2018-06-05T15:58:47+08:00 ] ::1 /today/todaystore/index.php?m=Home&c=back&a=client_list
INFO: [ app_init ] --START--
INFO: Run Behavior\BuildLiteBehavior [ RunTime:0.000029s ]
INFO: [ app_init ] --END-- [ RunTime:0.001832s ]
INFO: [ app_begin ] --START--
INFO: Run Behavior\ReadHtmlCacheBehavior [ RunTime:0.001658s ]
INFO: [ app_begin ] --END-- [ RunTime:0.001762s ]
SQL: SHOW COLUMNS FROM `client_information` [ RunTime:0.0160s ]
SQL: SELECT * FROM `client_information`  [ RunTime:0.0011s ]

[ 2018-06-05T16:00:02+08:00 ] ::1 /today/todaystore/index.php?m=Home&c=back&a=fankui
INFO: [ app_init ] --START--
INFO: Run Behavior\BuildLiteBehavior [ RunTime:0.000036s ]
INFO: [ app_init ] --END-- [ RunTime:0.001267s ]
INFO: [ app_begin ] --START--
INFO: Run Behavior\ReadHtmlCacheBehavior [ RunTime:0.001392s ]
INFO: [ app_begin ] --END-- [ RunTime:0.001501s ]
SQL: SHOW COLUMNS FROM `fankui` [ RunTime:0.0169s ]
SQL: SELECT * FROM `fankui`  [ RunTime:0.0012s ]

[ 2018-06-05T16:00:03+08:00 ] ::1 /today/todaystore/index.php?m=Home&c=back&a=client_list
INFO: [ app_init ] --START--
INFO: Run Behavior\BuildLiteBehavior [ RunTime:0.000027s ]
INFO: [ app_init ] --END-- [ RunTime:0.000904s ]
INFO: [ app_begin ] --START--
INFO: Run Behavior\ReadHtmlCacheBehavior [ RunTime:0.001258s ]
INFO: [ app_begin ] --END-- [ RunTime:0.001348s ]
SQL: SHOW COLUMNS FROM `client_information` [ RunTime:0.0169s ]
SQL: SELECT * FROM `client_information`  [ RunTime:0.0013s ]

[ 2018-06-05T16:00:21+08:00 ] ::1 /today/todaystore/index.php?m=Home&c=back&a=fankui
INFO: [ app_init ] --START--
INFO: Run Behavior\BuildLiteBehavior [ RunTime:0.000063s ]
INFO: [ app_init ] --END-- [ RunTime:0.001473s ]
INFO: [ app_begin ] --START--
INFO: Run Behavior\ReadHtmlCacheBehavior [ RunTime:0.001977s ]
INFO: [ app_begin ] --END-- [ RunTime:0.002129s ]
SQL: SHOW COLUMNS FROM `fankui` [ RunTime:0.0156s ]
SQL: SELECT * FROM `fankui`  [ RunTime:0.0012s ]

[ 2018-06-05T16:00:22+08:00 ] ::1 /today/todaystore/index.php?m=Home&c=back&a=client_list
INFO: [ app_init ] --START--
INFO: Run Behavior\BuildLiteBehavior [ RunTime:0.000025s ]
INFO: [ app_init ] --END-- [ RunTime:0.000762s ]
INFO: [ app_begin ] --START--
INFO: Run Behavior\ReadHtmlCacheBehavior [ RunTime:0.002869s ]
INFO: [ app_begin ] --END-- [ RunTime:0.002997s ]
SQL: SHOW COLUMNS FROM `client_information` [ RunTime:0.0191s ]
SQL: SELECT * FROM `client_information`  [ RunTime:0.0011s ]

[ 2018-06-05T16:00:42+08:00 ] ::1 /today/todaystore/index.php?m=Home&c=back&a=client_list
INFO: [ app_init ] --START--
INFO: Run Behavior\BuildLiteBehavior [ RunTime:0.000027s ]
INFO: [ app_init ] --END-- [ RunTime:0.006958s ]
INFO: [ app_begin ] --START--
INFO: Run Behavior\ReadHtmlCacheBehavior [ RunTime:0.001329s ]
INFO: [ app_begin ] --END-- [ RunTime:0.001448s ]
SQL: SHOW COLUMNS FROM `client_information` [ RunTime:0.0213s ]
SQL: SELECT * FROM `client_information`  [ RunTime:0.0015s ]

[ 2018-06-05T16:00:43+08:00 ] ::1 /today/todaystore/index.php?m=Home&c=back&a=fankui
INFO: [ app_init ] --START--
INFO: Run Behavior\BuildLiteBehavior [ RunTime:0.000045s ]
INFO: [ app_init ] --END-- [ RunTime:0.001090s ]
INFO: [ app_begin ] --START--
INFO: Run Behavior\ReadHtmlCacheBehavior [ RunTime:0.001686s ]
INFO: [ app_begin ] --END-- [ RunTime:0.001947s ]
SQL: SHOW COLUMNS FROM `fankui` [ RunTime:0.0162s ]
SQL: SELECT * FROM `fankui`  [ RunTime:0.0012s ]

[ 2018-06-05T16:01:25+08:00 ] ::1 /today/todaystore/index.php?m=Home&c=back&a=fankui
INFO: [ app_init ] --START--
INFO: Run Behavior\BuildLiteBehavior [ RunTime:0.000045s ]
INFO: [ app_init ] --END-- [ RunTime:0.001601s ]
INFO: [ app_begin ] --START--
INFO: Run Behavior\ReadHtmlCacheBehavior [ RunTime:0.001403s ]
INFO: [ app_begin ] --END-- [ RunTime:0.001510s ]
SQL: SHOW COLUMNS FROM `fankui` [ RunTime:0.0185s ]
SQL: SELECT * FROM `fankui`  [ RunTime:0.0013s ]

[ 2018-06-05T16:01:26+08:00 ] ::1 /today/todaystore/index.php?m=Home&c=back&a=client_list
INFO: [ app_init ] --START--
INFO: Run Behavior\BuildLiteBehavior [ RunTime:0.000026s ]
INFO: [ app_init ] --END-- [ RunTime:0.001072s ]
INFO: [ app_begin ] --START--
INFO: Run Behavior\ReadHtmlCacheBehavior [ RunTime:0.001507s ]
INFO: [ app_begin ] --END-- [ RunTime:0.001625s ]
SQL: SHOW COLUMNS FROM `client_information` [ RunTime:0.0152s ]
SQL: SELECT * FROM `client_information`  [ RunTime:0.0011s ]

[ 2018-06-05T16:01:47+08:00 ] ::1 /today/todaystore/index.php?m=Home&c=back&a=client_list
INFO: [ app_init ] --START--
INFO: Run Behavior\BuildLiteBehavior [ RunTime:0.000027s ]
INFO: [ app_init ] --END-- [ RunTime:0.000958s ]
INFO: [ app_begin ] --START--
INFO: Run Behavior\ReadHtmlCacheBehavior [ RunTime:0.002293s ]
INFO: [ app_begin ] --END-- [ RunTime:0.002415s ]
SQL: SHOW COLUMNS FROM `client_information` [ RunTime:0.0226s ]
SQL: SELECT * FROM `client_information`  [ RunTime:0.0014s ]

[ 2018-06-05T16:01:48+08:00 ] ::1 /today/todaystore/index.php?m=Home&c=back&a=fankui
INFO: [ app_init ] --START--
INFO: Run Behavior\BuildLiteBehavior [ RunTime:0.000025s ]
INFO: [ app_init ] --END-- [ RunTime:0.000847s ]
INFO: [ app_begin ] --START--
INFO: Run Behavior\ReadHtmlCacheBehavior [ RunTime:0.002232s ]
INFO: [ app_begin ] --END-- [ RunTime:0.002363s ]
SQL: SHOW COLUMNS FROM `fankui` [ RunTime:0.0169s ]
SQL: SELECT * FROM `fankui`  [ RunTime:0.0013s ]

[ 2018-06-05T16:02:12+08:00 ] ::1 /today/todaystore/index.php?m=Home&c=back&a=client_list
INFO: [ app_init ] --START--
INFO: Run Behavior\BuildLiteBehavior [ RunTime:0.000027s ]
INFO: [ app_init ] --END-- [ RunTime:0.000848s ]
INFO: [ app_begin ] --START--
INFO: Run Behavior\ReadHtmlCacheBehavior [ RunTime:0.002768s ]
INFO: [ app_begin ] --END-- [ RunTime:0.003180s ]
SQL: SHOW COLUMNS FROM `client_information` [ RunTime:0.0227s ]
SQL: SELECT * FROM `client_information`  [ RunTime:0.0014s ]

[ 2018-06-05T16:02:13+08:00 ] ::1 /today/todaystore/index.php?m=Home&c=back&a=fankui
INFO: [ app_init ] --START--
INFO: Run Behavior\BuildLiteBehavior [ RunTime:0.000066s ]
INFO: [ app_init ] --END-- [ RunTime:0.001157s ]
INFO: [ app_begin ] --START--
INFO: Run Behavior\ReadHtmlCacheBehavior [ RunTime:0.011704s ]
INFO: [ app_begin ] --END-- [ RunTime:0.011980s ]
SQL: SHOW COLUMNS FROM `fankui` [ RunTime:0.0195s ]
SQL: SELECT * FROM `fankui`  [ RunTime:0.0013s ]

[ 2018-06-05T16:03:13+08:00 ] ::1 /today/todaystore/index.php?m=Home&c=back&a=client_list
INFO: [ app_init ] --START--
INFO: Run Behavior\BuildLiteBehavior [ RunTime:0.000027s ]
INFO: [ app_init ] --END-- [ RunTime:0.000933s ]
INFO: [ app_begin ] --START--
INFO: Run Behavior\ReadHtmlCacheBehavior [ RunTime:0.003102s ]
INFO: [ app_begin ] --END-- [ RunTime:0.003211s ]
SQL: SHOW COLUMNS FROM `client_information` [ RunTime:0.0195s ]
SQL: SELECT * FROM `client_information`  [ RunTime:0.0014s ]

[ 2018-06-05T16:03:14+08:00 ] ::1 /today/todaystore/index.php?m=Home&c=back&a=fankui
INFO: [ app_init ] --START--
INFO: Run Behavior\BuildLiteBehavior [ RunTime:0.000027s ]
INFO: [ app_init ] --END-- [ RunTime:0.001413s ]
INFO: [ app_begin ] --START--
INFO: Run Behavior\ReadHtmlCacheBehavior [ RunTime:0.005094s ]
INFO: [ app_begin ] --END-- [ RunTime:0.005264s ]
SQL: SHOW COLUMNS FROM `fankui` [ RunTime:0.0222s ]
SQL: SELECT * FROM `fankui`  [ RunTime:0.0013s ]

[ 2018-06-05T16:03:34+08:00 ] ::1 /today/todaystore/index.php?m=Home&c=back&a=fankui
INFO: [ app_init ] --START--
INFO: Run Behavior\BuildLiteBehavior [ RunTime:0.000030s ]
INFO: [ app_init ] --END-- [ RunTime:0.001060s ]
INFO: [ app_begin ] --START--
INFO: Run Behavior\ReadHtmlCacheBehavior [ RunTime:0.001530s ]
INFO: [ app_begin ] --END-- [ RunTime:0.001633s ]
SQL: SHOW COLUMNS FROM `fankui` [ RunTime:0.0193s ]
SQL: SELECT * FROM `fankui`  [ RunTime:0.0014s ]

[ 2018-06-05T16:03:35+08:00 ] ::1 /today/todaystore/index.php?m=Home&c=back&a=client_list
INFO: [ app_init ] --START--
INFO: Run Behavior\BuildLiteBehavior [ RunTime:0.000026s ]
INFO: [ app_init ] --END-- [ RunTime:0.002552s ]
INFO: [ app_begin ] --START--
INFO: Run Behavior\ReadHtmlCacheBehavior [ RunTime:0.001675s ]
INFO: [ app_begin ] --END-- [ RunTime:0.001800s ]
SQL: SHOW COLUMNS FROM `client_information` [ RunTime:0.0158s ]
SQL: SELECT * FROM `client_information`  [ RunTime:0.0011s ]

[ 2018-06-05T16:10:59+08:00 ] ::1 /today/todaystore/index.php?m=Home&c=back&a=fankui
INFO: [ app_init ] --START--
INFO: Run Behavior\BuildLiteBehavior [ RunTime:0.000030s ]
INFO: [ app_init ] --END-- [ RunTime:0.000893s ]
INFO: [ app_begin ] --START--
INFO: Run Behavior\ReadHtmlCacheBehavior [ RunTime:0.001578s ]
INFO: [ app_begin ] --END-- [ RunTime:0.001694s ]
SQL: SHOW COLUMNS FROM `fankui` [ RunTime:0.0178s ]
SQL: SELECT * FROM `fankui`  [ RunTime:0.0017s ]

[ 2018-06-05T16:11:00+08:00 ] ::1 /today/todaystore/index.php?m=Home&c=back&a=client_list
INFO: [ app_init ] --START--
INFO: Run Behavior\BuildLiteBehavior [ RunTime:0.000024s ]
INFO: [ app_init ] --END-- [ RunTime:0.000827s ]
INFO: [ app_begin ] --START--
INFO: Run Behavior\ReadHtmlCacheBehavior [ RunTime:0.002324s ]
INFO: [ app_begin ] --END-- [ RunTime:0.002576s ]
SQL: SHOW COLUMNS FROM `client_information` [ RunTime:0.0169s ]
SQL: SELECT * FROM `client_information`  [ RunTime:0.0008s ]

[ 2018-06-05T16:11:49+08:00 ] ::1 /today/todaystore/index.php?m=Home&c=back&a=client_list
INFO: [ app_init ] --START--
INFO: Run Behavior\BuildLiteBehavior [ RunTime:0.000026s ]
INFO: [ app_init ] --END-- [ RunTime:0.000735s ]
INFO: [ app_begin ] --START--
INFO: Run Behavior\ReadHtmlCacheBehavior [ RunTime:0.001296s ]
INFO: [ app_begin ] --END-- [ RunTime:0.001400s ]
SQL: SHOW COLUMNS FROM `client_information` [ RunTime:0.0177s ]
SQL: SELECT * FROM `client_information`  [ RunTime:0.0011s ]

[ 2018-06-05T16:11:50+08:00 ] ::1 /today/todaystore/index.php?m=Home&c=back&a=fankui
INFO: [ app_init ] --START--
INFO: Run Behavior\BuildLiteBehavior [ RunTime:0.000024s ]
INFO: [ app_init ] --END-- [ RunTime:0.000764s ]
INFO: [ app_begin ] --START--
INFO: Run Behavior\ReadHtmlCacheBehavior [ RunTime:0.002883s ]
INFO: [ app_begin ] --END-- [ RunTime:0.003009s ]
SQL: SHOW COLUMNS FROM `fankui` [ RunTime:0.0208s ]
SQL: SELECT * FROM `fankui`  [ RunTime:0.0015s ]

[ 2018-06-05T16:12:38+08:00 ] ::1 /today/todaystore/index.php?m=Home&c=back&a=fankui
INFO: [ app_init ] --START--
INFO: Run Behavior\BuildLiteBehavior [ RunTime:0.000021s ]
INFO: [ app_init ] --END-- [ RunTime:0.000678s ]
INFO: [ app_begin ] --START--
INFO: Run Behavior\ReadHtmlCacheBehavior [ RunTime:0.018505s ]
INFO: [ app_begin ] --END-- [ RunTime:0.018651s ]
SQL: SHOW COLUMNS FROM `fankui` [ RunTime:0.0058s ]
SQL: SELECT * FROM `fankui`  [ RunTime:0.0005s ]

[ 2018-06-05T16:12:39+08:00 ] ::1 /today/todaystore/index.php?m=Home&c=back&a=client_list
INFO: [ app_init ] --START--
INFO: Run Behavior\BuildLiteBehavior [ RunTime:0.000026s ]
INFO: [ app_init ] --END-- [ RunTime:0.000747s ]
INFO: [ app_begin ] --START--
INFO: Run Behavior\ReadHtmlCacheBehavior [ RunTime:0.001454s ]
INFO: [ app_begin ] --END-- [ RunTime:0.001567s ]
SQL: SHOW COLUMNS FROM `client_information` [ RunTime:0.0079s ]
SQL: SELECT * FROM `client_information`  [ RunTime:0.0004s ]

[ 2018-06-05T16:13:11+08:00 ] ::1 /today/todaystore/index.php?m=Home&c=back&a=client_list
INFO: [ app_init ] --START--
INFO: Run Behavior\BuildLiteBehavior [ RunTime:0.000023s ]
INFO: [ app_init ] --END-- [ RunTime:0.000783s ]
INFO: [ app_begin ] --START--
INFO: Run Behavior\ReadHtmlCacheBehavior [ RunTime:0.001383s ]
INFO: [ app_begin ] --END-- [ RunTime:0.001494s ]
SQL: SHOW COLUMNS FROM `client_information` [ RunTime:0.0068s ]
SQL: SELECT * FROM `client_information`  [ RunTime:0.0004s ]

[ 2018-06-05T16:13:12+08:00 ] ::1 /today/todaystore/index.php?m=Home&c=back&a=client_list
INFO: [ app_init ] --START--
INFO: Run Behavior\BuildLiteBehavior [ RunTime:0.000025s ]
INFO: [ app_init ] --END-- [ RunTime:0.000684s ]
INFO: [ app_begin ] --START--
INFO: Run Behavior\ReadHtmlCacheBehavior [ RunTime:0.001477s ]
INFO: [ app_begin ] --END-- [ RunTime:0.001586s ]
SQL: SHOW COLUMNS FROM `client_information` [ RunTime:0.0063s ]
SQL: SELECT * FROM `client_information`  [ RunTime:0.0005s ]

[ 2018-06-05T16:13:13+08:00 ] ::1 /today/todaystore/index.php?m=Home&c=back&a=fankui
INFO: [ app_init ] --START--
INFO: Run Behavior\BuildLiteBehavior [ RunTime:0.000024s ]
INFO: [ app_init ] --END-- [ RunTime:0.000854s ]
INFO: [ app_begin ] --START--
INFO: Run Behavior\ReadHtmlCacheBehavior [ RunTime:0.001459s ]
INFO: [ app_begin ] --END-- [ RunTime:0.001569s ]
SQL: SHOW COLUMNS FROM `fankui` [ RunTime:0.0184s ]
SQL: SELECT * FROM `fankui`  [ RunTime:0.0017s ]

[ 2018-06-05T16:34:53+08:00 ] ::1 /today/todaystore/index.php?m=Home&c=back&a=fankui
INFO: [ app_init ] --START--
INFO: Run Behavior\BuildLiteBehavior [ RunTime:0.000026s ]
INFO: [ app_init ] --END-- [ RunTime:0.000938s ]
INFO: [ app_begin ] --START--
INFO: Run Behavior\ReadHtmlCacheBehavior [ RunTime:0.002991s ]
INFO: [ app_begin ] --END-- [ RunTime:0.003142s ]
SQL: SHOW COLUMNS FROM `fankui` [ RunTime:0.0187s ]
SQL: SELECT * FROM `fankui`  [ RunTime:0.0014s ]

[ 2018-06-05T16:34:54+08:00 ] ::1 /today/todaystore/index.php?m=Home&c=back&a=client_list
INFO: [ app_init ] --START--
INFO: Run Behavior\BuildLiteBehavior [ RunTime:0.000024s ]
INFO: [ app_init ] --END-- [ RunTime:0.000778s ]
INFO: [ app_begin ] --START--
INFO: Run Behavior\ReadHtmlCacheBehavior [ RunTime:0.009401s ]
INFO: [ app_begin ] --END-- [ RunTime:0.009527s ]
SQL: SHOW COLUMNS FROM `client_information` [ RunTime:0.0218s ]
SQL: SELECT * FROM `client_information`  [ RunTime:0.0013s ]

[ 2018-06-05T16:43:03+08:00 ] ::1 /today/todaystore/index.php?m=Home&c=back&a=fankui
INFO: [ app_init ] --START--
INFO: Run Behavior\BuildLiteBehavior [ RunTime:0.000025s ]
INFO: [ app_init ] --END-- [ RunTime:0.000807s ]
INFO: [ app_begin ] --START--
INFO: Run Behavior\ReadHtmlCacheBehavior [ RunTime:0.001522s ]
INFO: [ app_begin ] --END-- [ RunTime:0.001623s ]
SQL: SHOW COLUMNS FROM `fankui` [ RunTime:0.0170s ]
SQL: SELECT * FROM `fankui`  [ RunTime:0.0012s ]

[ 2018-06-05T16:43:04+08:00 ] ::1 /today/todaystore/index.php?m=Home&c=back&a=client_list
INFO: [ app_init ] --START--
INFO: Run Behavior\BuildLiteBehavior [ RunTime:0.000024s ]
INFO: [ app_init ] --END-- [ RunTime:0.000758s ]
INFO: [ app_begin ] --START--
INFO: Run Behavior\ReadHtmlCacheBehavior [ RunTime:0.002774s ]
INFO: [ app_begin ] --END-- [ RunTime:0.002870s ]
SQL: SHOW COLUMNS FROM `client_information` [ RunTime:0.0200s ]
SQL: SELECT * FROM `client_information`  [ RunTime:0.0011s ]

[ 2018-06-05T16:43:20+08:00 ] ::1 /today/todaystore/index.php?m=Home&c=back&a=client_list
INFO: [ app_init ] --START--
INFO: Run Behavior\BuildLiteBehavior [ RunTime:0.000026s ]
INFO: [ app_init ] --END-- [ RunTime:0.000844s ]
INFO: [ app_begin ] --START--
INFO: Run Behavior\ReadHtmlCacheBehavior [ RunTime:0.001848s ]
INFO: [ app_begin ] --END-- [ RunTime:0.001965s ]
SQL: SHOW COLUMNS FROM `client_information` [ RunTime:0.0176s ]
SQL: SELECT * FROM `client_information`  [ RunTime:0.0012s ]

[ 2018-06-05T16:43:21+08:00 ] ::1 /today/todaystore/index.php?m=Home&c=back&a=fankui
INFO: [ app_init ] --START--
INFO: Run Behavior\BuildLiteBehavior [ RunTime:0.000025s ]
INFO: [ app_init ] --END-- [ RunTime:0.000830s ]
INFO: [ app_begin ] --START--
INFO: Run Behavior\ReadHtmlCacheBehavior [ RunTime:0.001837s ]
INFO: [ app_begin ] --END-- [ RunTime:0.001964s ]
SQL: SHOW COLUMNS FROM `fankui` [ RunTime:0.0153s ]
SQL: SELECT * FROM `fankui`  [ RunTime:0.0012s ]

[ 2018-06-05T16:44:07+08:00 ] ::1 /today/todaystore/index.php?m=Home&c=back&a=client_list
INFO: [ app_init ] --START--
INFO: Run Behavior\BuildLiteBehavior [ RunTime:0.000039s ]
INFO: [ app_init ] --END-- [ RunTime:0.000696s ]
INFO: [ app_begin ] --START--
INFO: Run Behavior\ReadHtmlCacheBehavior [ RunTime:0.001810s ]
INFO: [ app_begin ] --END-- [ RunTime:0.001921s ]
SQL: SHOW COLUMNS FROM `client_information` [ RunTime:0.0193s ]
SQL: SELECT * FROM `client_information`  [ RunTime:0.0014s ]

[ 2018-06-05T16:44:08+08:00 ] ::1 /today/todaystore/index.php?m=Home&c=back&a=fankui
INFO: [ app_init ] --START--
INFO: Run Behavior\BuildLiteBehavior [ RunTime:0.000024s ]
INFO: [ app_init ] --END-- [ RunTime:0.000831s ]
INFO: [ app_begin ] --START--
INFO: Run Behavior\ReadHtmlCacheBehavior [ RunTime:0.001535s ]
INFO: [ app_begin ] --END-- [ RunTime:0.001631s ]
SQL: SHOW COLUMNS FROM `fankui` [ RunTime:0.0147s ]
SQL: SELECT * FROM `fankui`  [ RunTime:0.0011s ]

[ 2018-06-05T16:44:20+08:00 ] ::1 /today/todaystore/index.php?m=Home&c=back&a=client_list
INFO: [ app_init ] --START--
INFO: Run Behavior\BuildLiteBehavior [ RunTime:0.000024s ]
INFO: [ app_init ] --END-- [ RunTime:0.000802s ]
INFO: [ app_begin ] --START--
INFO: Run Behavior\ReadHtmlCacheBehavior [ RunTime:0.001549s ]
INFO: [ app_begin ] --END-- [ RunTime:0.001681s ]
SQL: SHOW COLUMNS FROM `client_information` [ RunTime:0.0173s ]
SQL: SELECT * FROM `client_information`  [ RunTime:0.0011s ]

[ 2018-06-05T16:44:21+08:00 ] ::1 /today/todaystore/index.php?m=Home&c=back&a=fankui
INFO: [ app_init ] --START--
INFO: Run Behavior\BuildLiteBehavior [ RunTime:0.000027s ]
INFO: [ app_init ] --END-- [ RunTime:0.001269s ]
INFO: [ app_begin ] --START--
INFO: Run Behavior\ReadHtmlCacheBehavior [ RunTime:0.001759s ]
INFO: [ app_begin ] --END-- [ RunTime:0.001891s ]
SQL: SHOW COLUMNS FROM `fankui` [ RunTime:0.0191s ]
SQL: SELECT * FROM `fankui`  [ RunTime:0.0014s ]

[ 2018-06-05T16:44:50+08:00 ] ::1 /today/todaystore/index.php?m=Home&c=back&a=client_list
INFO: [ app_init ] --START--
INFO: Run Behavior\BuildLiteBehavior [ RunTime:0.000027s ]
INFO: [ app_init ] --END-- [ RunTime:0.000713s ]
INFO: [ app_begin ] --START--
INFO: Run Behavior\ReadHtmlCacheBehavior [ RunTime:0.001522s ]
INFO: [ app_begin ] --END-- [ RunTime:0.001631s ]
SQL: SHOW COLUMNS FROM `client_information` [ RunTime:0.0173s ]
SQL: SELECT * FROM `client_information`  [ RunTime:0.0011s ]

[ 2018-06-05T16:44:51+08:00 ] ::1 /today/todaystore/index.php?m=Home&c=back&a=fankui
INFO: [ app_init ] --START--
INFO: Run Behavior\BuildLiteBehavior [ RunTime:0.000027s ]
INFO: [ app_init ] --END-- [ RunTime:0.001541s ]
INFO: [ app_begin ] --START--
INFO: Run Behavior\ReadHtmlCacheBehavior [ RunTime:0.001582s ]
INFO: [ app_begin ] --END-- [ RunTime:0.001678s ]
SQL: SHOW COLUMNS FROM `fankui` [ RunTime:0.0198s ]
SQL: SELECT * FROM `fankui`  [ RunTime:0.0014s ]

[ 2018-06-05T16:46:33+08:00 ] ::1 /today/todaystore/index.php?m=Home&c=back&a=fankui
INFO: [ app_init ] --START--
INFO: Run Behavior\BuildLiteBehavior [ RunTime:0.000023s ]
INFO: [ app_init ] --END-- [ RunTime:0.000837s ]
INFO: [ app_begin ] --START--
INFO: Run Behavior\ReadHtmlCacheBehavior [ RunTime:0.001366s ]
INFO: [ app_begin ] --END-- [ RunTime:0.001504s ]
SQL: SHOW COLUMNS FROM `fankui` [ RunTime:0.0190s ]
SQL: SELECT * FROM `fankui`  [ RunTime:0.0013s ]

[ 2018-06-05T16:46:34+08:00 ] ::1 /today/todaystore/index.php?m=Home&c=back&a=client_list
INFO: [ app_init ] --START--
INFO: Run Behavior\BuildLiteBehavior [ RunTime:0.000025s ]
INFO: [ app_init ] --END-- [ RunTime:0.001051s ]
INFO: [ app_begin ] --START--
INFO: Run Behavior\ReadHtmlCacheBehavior [ RunTime:0.001417s ]
INFO: [ app_begin ] --END-- [ RunTime:0.001528s ]
SQL: SHOW COLUMNS FROM `client_information` [ RunTime:0.0212s ]
SQL: SELECT * FROM `client_information`  [ RunTime:0.0013s ]

[ 2018-06-05T16:46:56+08:00 ] ::1 /today/todaystore/index.php?m=Home&c=back&a=fankui
INFO: [ app_init ] --START--
INFO: Run Behavior\BuildLiteBehavior [ RunTime:0.000024s ]
INFO: [ app_init ] --END-- [ RunTime:0.000849s ]
INFO: [ app_begin ] --START--
INFO: Run Behavior\ReadHtmlCacheBehavior [ RunTime:0.001373s ]
INFO: [ app_begin ] --END-- [ RunTime:0.001471s ]
SQL: SHOW COLUMNS FROM `fankui` [ RunTime:0.0177s ]
SQL: SELECT * FROM `fankui`  [ RunTime:0.0013s ]

[ 2018-06-05T16:46:57+08:00 ] ::1 /today/todaystore/index.php?m=Home&c=back&a=client_list
INFO: [ app_init ] --START--
INFO: Run Behavior\BuildLiteBehavior [ RunTime:0.000026s ]
INFO: [ app_init ] --END-- [ RunTime:0.001274s ]
INFO: [ app_begin ] --START--
INFO: Run Behavior\ReadHtmlCacheBehavior [ RunTime:0.001293s ]
INFO: [ app_begin ] --END-- [ RunTime:0.001392s ]
SQL: SHOW COLUMNS FROM `client_information` [ RunTime:0.0167s ]
SQL: SELECT * FROM `client_information`  [ RunTime:0.0012s ]

[ 2018-06-05T16:48:00+08:00 ] ::1 /today/todaystore/index.php?m=Home&c=back&a=client_list
INFO: [ app_init ] --START--
INFO: Run Behavior\BuildLiteBehavior [ RunTime:0.000028s ]
INFO: [ app_init ] --END-- [ RunTime:0.002068s ]
INFO: [ app_begin ] --START--
INFO: Run Behavior\ReadHtmlCacheBehavior [ RunTime:0.001745s ]
INFO: [ app_begin ] --END-- [ RunTime:0.001866s ]
SQL: SHOW COLUMNS FROM `client_information` [ RunTime:0.0173s ]
SQL: SELECT * FROM `client_information`  [ RunTime:0.0013s ]

[ 2018-06-05T16:48:01+08:00 ] ::1 /today/todaystore/index.php?m=Home&c=back&a=fankui
INFO: [ app_init ] --START--
INFO: Run Behavior\BuildLiteBehavior [ RunTime:0.000027s ]
INFO: [ app_init ] --END-- [ RunTime:0.002231s ]
INFO: [ app_begin ] --START--
INFO: Run Behavior\ReadHtmlCacheBehavior [ RunTime:0.001733s ]
INFO: [ app_begin ] --END-- [ RunTime:0.001834s ]
SQL: SHOW COLUMNS FROM `fankui` [ RunTime:0.0217s ]
SQL: SELECT * FROM `fankui`  [ RunTime:0.0014s ]

[ 2018-06-05T16:48:37+08:00 ] ::1 /today/todaystore/index.php?m=Home&c=back&a=fankui
INFO: [ app_init ] --START--
INFO: Run Behavior\BuildLiteBehavior [ RunTime:0.000025s ]
INFO: [ app_init ] --END-- [ RunTime:0.000777s ]
INFO: [ app_begin ] --START--
INFO: Run Behavior\ReadHtmlCacheBehavior [ RunTime:0.001483s ]
INFO: [ app_begin ] --END-- [ RunTime:0.001593s ]
SQL: SHOW COLUMNS FROM `fankui` [ RunTime:0.0210s ]
SQL: SELECT * FROM `fankui`  [ RunTime:0.0012s ]

[ 2018-06-05T16:48:38+08:00 ] ::1 /today/todaystore/index.php?m=Home&c=back&a=client_list
INFO: [ app_init ] --START--
INFO: Run Behavior\BuildLiteBehavior [ RunTime:0.000024s ]
INFO: [ app_init ] --END-- [ RunTime:0.000824s ]
INFO: [ app_begin ] --START--
INFO: Run Behavior\ReadHtmlCacheBehavior [ RunTime:0.001356s ]
INFO: [ app_begin ] --END-- [ RunTime:0.001437s ]
SQL: SHOW COLUMNS FROM `client_information` [ RunTime:0.0149s ]
SQL: SELECT * FROM `client_information`  [ RunTime:0.0011s ]

[ 2018-06-05T16:49:04+08:00 ] ::1 /today/todaystore/index.php?m=Home&c=back&a=fankui
INFO: [ app_init ] --START--
INFO: Run Behavior\BuildLiteBehavior [ RunTime:0.000024s ]
INFO: [ app_init ] --END-- [ RunTime:0.000775s ]
INFO: [ app_begin ] --START--
INFO: Run Behavior\ReadHtmlCacheBehavior [ RunTime:0.001687s ]
INFO: [ app_begin ] --END-- [ RunTime:0.001840s ]
SQL: SHOW COLUMNS FROM `fankui` [ RunTime:0.0063s ]
SQL: SELECT * FROM `fankui`  [ RunTime:0.0008s ]

[ 2018-06-05T16:49:05+08:00 ] ::1 /today/todaystore/index.php?m=Home&c=back&a=client_list
INFO: [ app_init ] --START--
INFO: Run Behavior\BuildLiteBehavior [ RunTime:0.000128s ]
INFO: [ app_init ] --END-- [ RunTime:0.001615s ]
INFO: [ app_begin ] --START--
INFO: Run Behavior\ReadHtmlCacheBehavior [ RunTime:0.001509s ]
INFO: [ app_begin ] --END-- [ RunTime:0.001625s ]
SQL: SHOW COLUMNS FROM `client_information` [ RunTime:0.0219s ]
SQL: SELECT * FROM `client_information`  [ RunTime:0.0013s ]

[ 2018-06-05T16:50:43+08:00 ] ::1 /today/todaystore/index.php?m=Home&c=back&a=fankui
INFO: [ app_init ] --START--
INFO: Run Behavior\BuildLiteBehavior [ RunTime:0.000030s ]
INFO: [ app_init ] --END-- [ RunTime:0.010950s ]
INFO: [ app_begin ] --START--
INFO: Run Behavior\ReadHtmlCacheBehavior [ RunTime:0.002171s ]
INFO: [ app_begin ] --END-- [ RunTime:0.002282s ]
SQL: SHOW COLUMNS FROM `fankui` [ RunTime:0.0118s ]
SQL: SELECT * FROM `fankui`  [ RunTime:0.0006s ]

[ 2018-06-05T16:50:44+08:00 ] ::1 /today/todaystore/index.php?m=Home&c=back&a=client_list
INFO: [ app_init ] --START--
INFO: Run Behavior\BuildLiteBehavior [ RunTime:0.000029s ]
INFO: [ app_init ] --END-- [ RunTime:0.001262s ]
INFO: [ app_begin ] --START--
INFO: Run Behavior\ReadHtmlCacheBehavior [ RunTime:0.001894s ]
INFO: [ app_begin ] --END-- [ RunTime:0.002029s ]
SQL: SHOW COLUMNS FROM `client_information` [ RunTime:0.0160s ]
SQL: SELECT * FROM `client_information`  [ RunTime:0.0013s ]

[ 2018-06-05T16:52:16+08:00 ] ::1 /today/todaystore/index.php?m=Home&c=back&a=fankui
INFO: [ app_init ] --START--
INFO: Run Behavior\BuildLiteBehavior [ RunTime:0.000028s ]
INFO: [ app_init ] --END-- [ RunTime:0.000891s ]
INFO: [ app_begin ] --START--
INFO: Run Behavior\ReadHtmlCacheBehavior [ RunTime:0.002270s ]
INFO: [ app_begin ] --END-- [ RunTime:0.002404s ]
SQL: SHOW COLUMNS FROM `fankui` [ RunTime:0.0223s ]
SQL: SELECT * FROM `fankui`  [ RunTime:0.0014s ]

[ 2018-06-05T16:52:17+08:00 ] ::1 /today/todaystore/index.php?m=Home&c=back&a=client_list
INFO: [ app_init ] --START--
INFO: Run Behavior\BuildLiteBehavior [ RunTime:0.000026s ]
INFO: [ app_init ] --END-- [ RunTime:0.000813s ]
INFO: [ app_begin ] --START--
INFO: Run Behavior\ReadHtmlCacheBehavior [ RunTime:0.001663s ]
INFO: [ app_begin ] --END-- [ RunTime:0.001780s ]
SQL: SHOW COLUMNS FROM `client_information` [ RunTime:0.0179s ]
SQL: SELECT * FROM `client_information`  [ RunTime:0.0013s ]

[ 2018-06-05T16:52:43+08:00 ] ::1 /today/todaystore/index.php?m=Home&c=back&a=client_list
INFO: [ app_init ] --START--
INFO: Run Behavior\BuildLiteBehavior [ RunTime:0.000027s ]
INFO: [ app_init ] --END-- [ RunTime:0.000756s ]
INFO: [ app_begin ] --START--
INFO: Run Behavior\ReadHtmlCacheBehavior [ RunTime:0.001478s ]
INFO: [ app_begin ] --END-- [ RunTime:0.001584s ]
SQL: SHOW COLUMNS FROM `client_information` [ RunTime:0.0154s ]
SQL: SELECT * FROM `client_information`  [ RunTime:0.0011s ]

[ 2018-06-05T16:52:44+08:00 ] ::1 /today/todaystore/index.php?m=Home&c=back&a=fankui
INFO: [ app_init ] --START--
INFO: Run Behavior\BuildLiteBehavior [ RunTime:0.000025s ]
INFO: [ app_init ] --END-- [ RunTime:0.000873s ]
INFO: [ app_begin ] --START--
INFO: Run Behavior\ReadHtmlCacheBehavior [ RunTime:0.006425s ]
INFO: [ app_begin ] --END-- [ RunTime:0.009069s ]
SQL: SHOW COLUMNS FROM `fankui` [ RunTime:0.0100s ]
SQL: SELECT * FROM `fankui`  [ RunTime:0.0008s ]

[ 2018-06-05T16:52:59+08:00 ] ::1 /today/todaystore/index.php?m=Home&c=back&a=client_list
INFO: [ app_init ] --START--
INFO: Run Behavior\BuildLiteBehavior [ RunTime:0.000026s ]
INFO: [ app_init ] --END-- [ RunTime:0.000781s ]
INFO: [ app_begin ] --START--
INFO: Run Behavior\ReadHtmlCacheBehavior [ RunTime:0.001488s ]
INFO: [ app_begin ] --END-- [ RunTime:0.001602s ]
SQL: SHOW COLUMNS FROM `client_information` [ RunTime:0.0206s ]
SQL: SELECT * FROM `client_information`  [ RunTime:0.0014s ]

[ 2018-06-05T16:53:00+08:00 ] ::1 /today/todaystore/index.php?m=Home&c=back&a=fankui
INFO: [ app_init ] --START--
INFO: Run Behavior\BuildLiteBehavior [ RunTime:0.000026s ]
INFO: [ app_init ] --END-- [ RunTime:0.000783s ]
INFO: [ app_begin ] --START--
INFO: Run Behavior\ReadHtmlCacheBehavior [ RunTime:0.001459s ]
INFO: [ app_begin ] --END-- [ RunTime:0.001645s ]
SQL: SHOW COLUMNS FROM `fankui` [ RunTime:0.0149s ]
SQL: SELECT * FROM `fankui`  [ RunTime:0.0013s ]

[ 2018-06-05T16:53:15+08:00 ] ::1 /today/todaystore/index.php?m=Home&c=back&a=fankui
INFO: [ app_init ] --START--
INFO: Run Behavior\BuildLiteBehavior [ RunTime:0.000026s ]
INFO: [ app_init ] --END-- [ RunTime:0.000760s ]
INFO: [ app_begin ] --START--
INFO: Run Behavior\ReadHtmlCacheBehavior [ RunTime:0.002664s ]
INFO: [ app_begin ] --END-- [ RunTime:0.003033s ]
SQL: SHOW COLUMNS FROM `fankui` [ RunTime:0.0167s ]
SQL: SELECT * FROM `fankui`  [ RunTime:0.0012s ]

[ 2018-06-05T16:53:17+08:00 ] ::1 /today/todaystore/index.php?m=Home&c=back&a=client_list
INFO: [ app_init ] --START--
INFO: Run Behavior\BuildLiteBehavior [ RunTime:0.000026s ]
INFO: [ app_init ] --END-- [ RunTime:0.000841s ]
INFO: [ app_begin ] --START--
INFO: Run Behavior\ReadHtmlCacheBehavior [ RunTime:0.001312s ]
INFO: [ app_begin ] --END-- [ RunTime:0.001410s ]
SQL: SHOW COLUMNS FROM `client_information` [ RunTime:0.0163s ]
SQL: SELECT * FROM `client_information`  [ RunTime:0.0013s ]

[ 2018-06-05T16:53:39+08:00 ] ::1 /today/todaystore/index.php?m=Home&c=back&a=fankui
INFO: [ app_init ] --START--
INFO: Run Behavior\BuildLiteBehavior [ RunTime:0.000024s ]
INFO: [ app_init ] --END-- [ RunTime:0.000925s ]
INFO: [ app_begin ] --START--
INFO: Run Behavior\ReadHtmlCacheBehavior [ RunTime:0.001596s ]
INFO: [ app_begin ] --END-- [ RunTime:0.001701s ]
SQL: SHOW COLUMNS FROM `fankui` [ RunTime:0.0185s ]
SQL: SELECT * FROM `fankui`  [ RunTime:0.0014s ]

[ 2018-06-05T16:53:40+08:00 ] ::1 /today/todaystore/index.php?m=Home&c=back&a=client_list
INFO: [ app_init ] --START--
INFO: Run Behavior\BuildLiteBehavior [ RunTime:0.000034s ]
INFO: [ app_init ] --END-- [ RunTime:0.005086s ]
INFO: [ app_begin ] --START--
INFO: Run Behavior\ReadHtmlCacheBehavior [ RunTime:0.001737s ]
INFO: [ app_begin ] --END-- [ RunTime:0.001840s ]
SQL: SHOW COLUMNS FROM `client_information` [ RunTime:0.0153s ]
SQL: SELECT * FROM `client_information`  [ RunTime:0.0012s ]

[ 2018-06-05T16:54:13+08:00 ] ::1 /today/todaystore/index.php?m=Home&c=back&a=fankui
INFO: [ app_init ] --START--
INFO: Run Behavior\BuildLiteBehavior [ RunTime:0.000029s ]
INFO: [ app_init ] --END-- [ RunTime:0.000920s ]
INFO: [ app_begin ] --START--
INFO: Run Behavior\ReadHtmlCacheBehavior [ RunTime:0.001778s ]
INFO: [ app_begin ] --END-- [ RunTime:0.001899s ]
SQL: SHOW COLUMNS FROM `fankui` [ RunTime:0.0156s ]
SQL: SELECT * FROM `fankui`  [ RunTime:0.0013s ]

[ 2018-06-05T16:54:14+08:00 ] ::1 /today/todaystore/index.php?m=Home&c=back&a=client_list
INFO: [ app_init ] --START--
INFO: Run Behavior\BuildLiteBehavior [ RunTime:0.000025s ]
INFO: [ app_init ] --END-- [ RunTime:0.000918s ]
INFO: [ app_begin ] --START--
INFO: Run Behavior\ReadHtmlCacheBehavior [ RunTime:0.008117s ]
INFO: [ app_begin ] --END-- [ RunTime:0.008229s ]
SQL: SHOW COLUMNS FROM `client_information` [ RunTime:0.0180s ]
SQL: SELECT * FROM `client_information`  [ RunTime:0.0012s ]

[ 2018-06-05T16:54:35+08:00 ] ::1 /today/todaystore/index.php?m=Home&c=back&a=client_list
INFO: [ app_init ] --START--
INFO: Run Behavior\BuildLiteBehavior [ RunTime:0.000027s ]
INFO: [ app_init ] --END-- [ RunTime:0.000829s ]
INFO: [ app_begin ] --START--
INFO: Run Behavior\ReadHtmlCacheBehavior [ RunTime:0.001308s ]
INFO: [ app_begin ] --END-- [ RunTime:0.001408s ]
SQL: SHOW COLUMNS FROM `client_information` [ RunTime:0.0152s ]
SQL: SELECT * FROM `client_information`  [ RunTime:0.0011s ]

[ 2018-06-05T16:54:36+08:00 ] ::1 /today/todaystore/index.php?m=Home&c=back&a=fankui
INFO: [ app_init ] --START--
INFO: Run Behavior\BuildLiteBehavior [ RunTime:0.000020s ]
INFO: [ app_init ] --END-- [ RunTime:0.000792s ]
INFO: [ app_begin ] --START--
INFO: Run Behavior\ReadHtmlCacheBehavior [ RunTime:0.002922s ]
INFO: [ app_begin ] --END-- [ RunTime:0.003042s ]
SQL: SHOW COLUMNS FROM `fankui` [ RunTime:0.0174s ]
SQL: SELECT * FROM `fankui`  [ RunTime:0.0012s ]

[ 2018-06-05T16:55:37+08:00 ] ::1 /today/todaystore/index.php?m=Home&c=back&a=client_list
INFO: [ app_init ] --START--
INFO: Run Behavior\BuildLiteBehavior [ RunTime:0.000023s ]
INFO: [ app_init ] --END-- [ RunTime:0.000777s ]
INFO: [ app_begin ] --START--
INFO: Run Behavior\ReadHtmlCacheBehavior [ RunTime:0.004205s ]
INFO: [ app_begin ] --END-- [ RunTime:0.004312s ]
SQL: SHOW COLUMNS FROM `client_information` [ RunTime:0.0177s ]
SQL: SELECT * FROM `client_information`  [ RunTime:0.0011s ]

[ 2018-06-05T16:55:38+08:00 ] ::1 /today/todaystore/index.php?m=Home&c=back&a=fankui
INFO: [ app_init ] --START--
INFO: Run Behavior\BuildLiteBehavior [ RunTime:0.000030s ]
INFO: [ app_init ] --END-- [ RunTime:0.001135s ]
INFO: [ app_begin ] --START--
INFO: Run Behavior\ReadHtmlCacheBehavior [ RunTime:0.001548s ]
INFO: [ app_begin ] --END-- [ RunTime:0.001647s ]
SQL: SHOW COLUMNS FROM `fankui` [ RunTime:0.0179s ]
SQL: SELECT * FROM `fankui`  [ RunTime:0.0013s ]

[ 2018-06-05T16:55:51+08:00 ] ::1 /today/todaystore/index.php?m=Home&c=back&a=fankui
INFO: [ app_init ] --START--
INFO: Run Behavior\BuildLiteBehavior [ RunTime:0.000026s ]
INFO: [ app_init ] --END-- [ RunTime:0.000854s ]
INFO: [ app_begin ] --START--
INFO: Run Behavior\ReadHtmlCacheBehavior [ RunTime:0.002278s ]
INFO: [ app_begin ] --END-- [ RunTime:0.002712s ]
SQL: SHOW COLUMNS FROM `fankui` [ RunTime:0.0183s ]
SQL: SELECT * FROM `fankui`  [ RunTime:0.0014s ]

[ 2018-06-05T16:55:53+08:00 ] ::1 /today/todaystore/index.php?m=Home&c=back&a=client_list
INFO: [ app_init ] --START--
INFO: Run Behavior\BuildLiteBehavior [ RunTime:0.000024s ]
INFO: [ app_init ] --END-- [ RunTime:0.000755s ]
INFO: [ app_begin ] --START--
INFO: Run Behavior\ReadHtmlCacheBehavior [ RunTime:0.001337s ]
INFO: [ app_begin ] --END-- [ RunTime:0.001439s ]
SQL: SHOW COLUMNS FROM `client_information` [ RunTime:0.0169s ]
SQL: SELECT * FROM `client_information`  [ RunTime:0.0012s ]

[ 2018-06-05T16:56:12+08:00 ] ::1 /today/todaystore/index.php?m=Home&c=back&a=fankui
INFO: [ app_init ] --START--
INFO: Run Behavior\BuildLiteBehavior [ RunTime:0.000027s ]
INFO: [ app_init ] --END-- [ RunTime:0.000886s ]
INFO: [ app_begin ] --START--
INFO: Run Behavior\ReadHtmlCacheBehavior [ RunTime:0.001369s ]
INFO: [ app_begin ] --END-- [ RunTime:0.001515s ]
SQL: SHOW COLUMNS FROM `fankui` [ RunTime:0.0241s ]
SQL: SELECT * FROM `fankui`  [ RunTime:0.0016s ]

[ 2018-06-05T16:56:13+08:00 ] ::1 /today/todaystore/index.php?m=Home&c=back&a=client_list
INFO: [ app_init ] --START--
INFO: Run Behavior\BuildLiteBehavior [ RunTime:0.000025s ]
INFO: [ app_init ] --END-- [ RunTime:0.000802s ]
INFO: [ app_begin ] --START--
INFO: Run Behavior\ReadHtmlCacheBehavior [ RunTime:0.001502s ]
INFO: [ app_begin ] --END-- [ RunTime:0.001629s ]
SQL: SHOW COLUMNS FROM `client_information` [ RunTime:0.0152s ]
SQL: SELECT * FROM `client_information`  [ RunTime:0.0012s ]

[ 2018-06-05T17:36:15+08:00 ] ::1 /today/todaystore/index.php?m=Home&c=back&a=client_list
INFO: [ app_init ] --START--
INFO: Run Behavior\BuildLiteBehavior [ RunTime:0.000021s ]
INFO: [ app_init ] --END-- [ RunTime:0.000614s ]
INFO: [ app_begin ] --START--
INFO: Run Behavior\ReadHtmlCacheBehavior [ RunTime:0.000695s ]
INFO: [ app_begin ] --END-- [ RunTime:0.000761s ]
SQL: SHOW COLUMNS FROM `client_information` [ RunTime:0.0054s ]
SQL: SELECT * FROM `client_information`  [ RunTime:0.0004s ]

[ 2018-06-05T17:38:17+08:00 ] ::1 /today/todaystore/index.php?m=Home&c=back&a=client_list
INFO: [ app_init ] --START--
INFO: Run Behavior\BuildLiteBehavior [ RunTime:0.000013s ]
INFO: [ app_init ] --END-- [ RunTime:0.000415s ]
INFO: [ app_begin ] --START--
INFO: Run Behavior\ReadHtmlCacheBehavior [ RunTime:0.000708s ]
INFO: [ app_begin ] --END-- [ RunTime:0.000755s ]
SQL: SHOW COLUMNS FROM `client_information` [ RunTime:0.0072s ]
SQL: SELECT * FROM `client_information`  [ RunTime:0.0004s ]

[ 2018-06-05T17:40:09+08:00 ] ::1 /today/todaystore/index.php?m=Home&c=back&a=client_list
INFO: [ app_init ] --START--
INFO: Run Behavior\BuildLiteBehavior [ RunTime:0.000017s ]
INFO: [ app_init ] --END-- [ RunTime:0.000521s ]
INFO: [ app_begin ] --START--
INFO: Run Behavior\ReadHtmlCacheBehavior [ RunTime:0.000869s ]
INFO: [ app_begin ] --END-- [ RunTime:0.000936s ]
SQL: SHOW COLUMNS FROM `client_information` [ RunTime:0.0037s ]
SQL: SELECT * FROM `client_information`  [ RunTime:0.0004s ]

[ 2018-06-05T17:40:15+08:00 ] ::1 /today/todaystore/index.php?m=Home&c=back&a=updateclient
INFO: [ app_init ] --START--
INFO: Run Behavior\BuildLiteBehavior [ RunTime:0.000010s ]
INFO: [ app_init ] --END-- [ RunTime:0.000383s ]
INFO: [ app_begin ] --START--
INFO: Run Behavior\ReadHtmlCacheBehavior [ RunTime:0.000661s ]
INFO: [ app_begin ] --END-- [ RunTime:0.000698s ]
SQL: SHOW COLUMNS FROM `client_information` [ RunTime:0.0074s ]
SQL: UPDATE `client_information` SET `clientname`='王子奇',`clientphone`='18302198263',`clientplace`='山西省' WHERE `clientid` = 122 [ RunTime:0.0045s ]

[ 2018-06-05T17:40:37+08:00 ] ::1 /today/todaystore/index.php?m=Home&c=back&a=updateclient
INFO: [ app_init ] --START--
INFO: Run Behavior\BuildLiteBehavior [ RunTime:0.000018s ]
INFO: [ app_init ] --END-- [ RunTime:0.000563s ]
INFO: [ app_begin ] --START--
INFO: Run Behavior\ReadHtmlCacheBehavior [ RunTime:0.000620s ]
INFO: [ app_begin ] --END-- [ RunTime:0.000662s ]
SQL: SHOW COLUMNS FROM `client_information` [ RunTime:0.0058s ]
ERR: 1062:Duplicate entry '18302198264' for key 'thisindex'
 [ SQL语句 ] : UPDATE `client_information` SET `clientname`='王子奇',`clientphone`='18302198264',`clientplace`='山西省' WHERE `clientid` = 122
ERR: 1062:Duplicate entry '18302198264' for key 'thisindex'
 [ SQL语句 ] : UPDATE `client_information` SET `clientname`='王子奇',`clientphone`='18302198264',`clientplace`='山西省' WHERE `clientid` = 122

[ 2018-06-05T17:40:58+08:00 ] ::1 /today/todaystore/index.php?m=Home&c=back&a=updateclient
INFO: [ app_init ] --START--
INFO: Run Behavior\BuildLiteBehavior [ RunTime:0.000012s ]
INFO: [ app_init ] --END-- [ RunTime:0.000353s ]
INFO: [ app_begin ] --START--
INFO: Run Behavior\ReadHtmlCacheBehavior [ RunTime:0.000602s ]
INFO: [ app_begin ] --END-- [ RunTime:0.000648s ]
SQL: SHOW COLUMNS FROM `client_information` [ RunTime:0.0056s ]
SQL: UPDATE `client_information` SET `clientname`='王子奇',`clientphone`='18302198261',`clientplace`='山西省' WHERE `clientid` = 122 [ RunTime:0.0047s ]

[ 2018-06-05T17:41:42+08:00 ] ::1 /today/todaystore/index.php?m=Home&c=back&a=client_list
INFO: [ app_init ] --START--
INFO: Run Behavior\BuildLiteBehavior [ RunTime:0.000061s ]
INFO: [ app_init ] --END-- [ RunTime:0.001133s ]
INFO: [ app_begin ] --START--
INFO: Run Behavior\ReadHtmlCacheBehavior [ RunTime:0.001046s ]
INFO: [ app_begin ] --END-- [ RunTime:0.001142s ]
SQL: SHOW COLUMNS FROM `client_information` [ RunTime:0.0095s ]
SQL: SELECT * FROM `client_information`  [ RunTime:0.0004s ]

[ 2018-06-05T17:41:52+08:00 ] ::1 /today/todaystore/index.php?m=Home&c=back&a=updateclient
INFO: [ app_init ] --START--
INFO: Run Behavior\BuildLiteBehavior [ RunTime:0.000018s ]
INFO: [ app_init ] --END-- [ RunTime:0.000557s ]
INFO: [ app_begin ] --START--
INFO: Run Behavior\ReadHtmlCacheBehavior [ RunTime:0.000933s ]
INFO: [ app_begin ] --END-- [ RunTime:0.001017s ]
SQL: SHOW COLUMNS FROM `client_information` [ RunTime:0.0088s ]
SQL: UPDATE `client_information` SET `clientname`='胡浩亮',`clientphone`='18304192826',`clientplace`='' WHERE `clientid` = 6082 [ RunTime:0.0044s ]

[ 2018-06-05T17:43:38+08:00 ] ::1 /today/todaystore/index.php?m=Home&c=back&a=fankui
INFO: [ app_init ] --START--
INFO: Run Behavior\BuildLiteBehavior [ RunTime:0.000017s ]
INFO: [ app_init ] --END-- [ RunTime:0.000500s ]
INFO: [ app_begin ] --START--
INFO: Run Behavior\ReadHtmlCacheBehavior [ RunTime:0.000870s ]
INFO: [ app_begin ] --END-- [ RunTime:0.000954s ]
SQL: SHOW COLUMNS FROM `fankui` [ RunTime:0.0041s ]
SQL: SELECT * FROM `fankui`  [ RunTime:0.0004s ]

[ 2018-06-05T17:43:39+08:00 ] ::1 /today/todaystore/index.php?m=Home&c=back&a=client_list
INFO: [ app_init ] --START--
INFO: Run Behavior\BuildLiteBehavior [ RunTime:0.000014s ]
INFO: [ app_init ] --END-- [ RunTime:0.000470s ]
INFO: [ app_begin ] --START--
INFO: Run Behavior\ReadHtmlCacheBehavior [ RunTime:0.000859s ]
INFO: [ app_begin ] --END-- [ RunTime:0.000928s ]
SQL: SHOW COLUMNS FROM `client_information` [ RunTime:0.0036s ]
SQL: SELECT * FROM `client_information`  [ RunTime:0.0003s ]

[ 2018-06-05T17:45:57+08:00 ] ::1 /today/todaystore/index.php?m=Home&c=back&a=fankui
INFO: [ app_init ] --START--
INFO: Run Behavior\BuildLiteBehavior [ RunTime:0.000016s ]
INFO: [ app_init ] --END-- [ RunTime:0.000541s ]
INFO: [ app_begin ] --START--
INFO: Run Behavior\ReadHtmlCacheBehavior [ RunTime:0.001226s ]
INFO: [ app_begin ] --END-- [ RunTime:0.001391s ]
SQL: SHOW COLUMNS FROM `fankui` [ RunTime:0.0045s ]
SQL: SELECT * FROM `fankui`  [ RunTime:0.0004s ]

[ 2018-06-05T17:45:58+08:00 ] ::1 /today/todaystore/index.php?m=Home&c=back&a=client_list
INFO: [ app_init ] --START--
INFO: Run Behavior\BuildLiteBehavior [ RunTime:0.000018s ]
INFO: [ app_init ] --END-- [ RunTime:0.000568s ]
INFO: [ app_begin ] --START--
INFO: Run Behavior\ReadHtmlCacheBehavior [ RunTime:0.001032s ]
INFO: [ app_begin ] --END-- [ RunTime:0.001101s ]
SQL: SHOW COLUMNS FROM `client_information` [ RunTime:0.0094s ]
SQL: SELECT * FROM `client_information`  [ RunTime:0.0005s ]

[ 2018-06-05T17:46:35+08:00 ] ::1 /today/todaystore/index.php?m=Home&c=back&a=fankui
INFO: [ app_init ] --START--
INFO: Run Behavior\BuildLiteBehavior [ RunTime:0.000016s ]
INFO: [ app_init ] --END-- [ RunTime:0.000499s ]
INFO: [ app_begin ] --START--
INFO: Run Behavior\ReadHtmlCacheBehavior [ RunTime:0.000988s ]
INFO: [ app_begin ] --END-- [ RunTime:0.001060s ]
SQL: SHOW COLUMNS FROM `fankui` [ RunTime:0.0040s ]
SQL: SELECT * FROM `fankui`  [ RunTime:0.0004s ]

[ 2018-06-05T17:46:36+08:00 ] ::1 /today/todaystore/index.php?m=Home&c=back&a=client_list
INFO: [ app_init ] --START--
INFO: Run Behavior\BuildLiteBehavior [ RunTime:0.000019s ]
INFO: [ app_init ] --END-- [ RunTime:0.000662s ]
INFO: [ app_begin ] --START--
INFO: Run Behavior\ReadHtmlCacheBehavior [ RunTime:0.001226s ]
INFO: [ app_begin ] --END-- [ RunTime:0.001325s ]
SQL: SHOW COLUMNS FROM `client_information` [ RunTime:0.0113s ]
SQL: SELECT * FROM `client_information`  [ RunTime:0.0006s ]

[ 2018-06-05T17:47:02+08:00 ] ::1 /today/todaystore/index.php?m=Home&c=back&a=fankui
INFO: [ app_init ] --START--
INFO: Run Behavior\BuildLiteBehavior [ RunTime:0.000021s ]
INFO: [ app_init ] --END-- [ RunTime:0.000554s ]
INFO: [ app_begin ] --START--
INFO: Run Behavior\ReadHtmlCacheBehavior [ RunTime:0.000847s ]
INFO: [ app_begin ] --END-- [ RunTime:0.000910s ]
SQL: SHOW COLUMNS FROM `fankui` [ RunTime:0.0049s ]
SQL: SELECT * FROM `fankui`  [ RunTime:0.0003s ]

[ 2018-06-05T17:47:03+08:00 ] ::1 /today/todaystore/index.php?m=Home&c=back&a=client_list
INFO: [ app_init ] --START--
INFO: Run Behavior\BuildLiteBehavior [ RunTime:0.000021s ]
INFO: [ app_init ] --END-- [ RunTime:0.000701s ]
INFO: [ app_begin ] --START--
INFO: Run Behavior\ReadHtmlCacheBehavior [ RunTime:0.001088s ]
INFO: [ app_begin ] --END-- [ RunTime:0.001191s ]
SQL: SHOW COLUMNS FROM `client_information` [ RunTime:0.0118s ]
SQL: SELECT * FROM `client_information`  [ RunTime:0.0005s ]

[ 2018-06-05T17:47:41+08:00 ] ::1 /today/todaystore/index.php?m=Home&c=back&a=client_list
INFO: [ app_init ] --START--
INFO: Run Behavior\BuildLiteBehavior [ RunTime:0.000018s ]
INFO: [ app_init ] --END-- [ RunTime:0.000496s ]
INFO: [ app_begin ] --START--
INFO: Run Behavior\ReadHtmlCacheBehavior [ RunTime:0.001121s ]
INFO: [ app_begin ] --END-- [ RunTime:0.001193s ]
SQL: SHOW COLUMNS FROM `client_information` [ RunTime:0.0190s ]
SQL: SELECT * FROM `client_information`  [ RunTime:0.0015s ]

[ 2018-06-05T17:47:43+08:00 ] ::1 /today/todaystore/index.php?m=Home&c=back&a=fankui
INFO: [ app_init ] --START--
INFO: Run Behavior\BuildLiteBehavior [ RunTime:0.000021s ]
INFO: [ app_init ] --END-- [ RunTime:0.000599s ]
INFO: [ app_begin ] --START--
INFO: Run Behavior\ReadHtmlCacheBehavior [ RunTime:0.001808s ]
INFO: [ app_begin ] --END-- [ RunTime:0.001889s ]
SQL: SHOW COLUMNS FROM `fankui` [ RunTime:0.0040s ]
SQL: SELECT * FROM `fankui`  [ RunTime:0.0004s ]

[ 2018-06-05T17:48:08+08:00 ] ::1 /today/todaystore/index.php?m=Home&c=back&a=client_list
INFO: [ app_init ] --START--
INFO: Run Behavior\BuildLiteBehavior [ RunTime:0.000015s ]
INFO: [ app_init ] --END-- [ RunTime:0.000476s ]
INFO: [ app_begin ] --START--
INFO: Run Behavior\ReadHtmlCacheBehavior [ RunTime:0.000703s ]
INFO: [ app_begin ] --END-- [ RunTime:0.000771s ]
SQL: SHOW COLUMNS FROM `client_information` [ RunTime:0.0162s ]
SQL: SELECT * FROM `client_information`  [ RunTime:0.0012s ]

[ 2018-06-05T17:48:09+08:00 ] ::1 /today/todaystore/index.php?m=Home&c=back&a=fankui
INFO: [ app_init ] --START--
INFO: Run Behavior\BuildLiteBehavior [ RunTime:0.000018s ]
INFO: [ app_init ] --END-- [ RunTime:0.000987s ]
INFO: [ app_begin ] --START--
INFO: Run Behavior\ReadHtmlCacheBehavior [ RunTime:0.001477s ]
INFO: [ app_begin ] --END-- [ RunTime:0.001560s ]
SQL: SHOW COLUMNS FROM `fankui` [ RunTime:0.0100s ]
SQL: SELECT * FROM `fankui`  [ RunTime:0.0006s ]

[ 2018-06-05T17:49:07+08:00 ] ::1 /today/todaystore/index.php?m=Home&c=back&a=fankui
INFO: [ app_init ] --START--
INFO: Run Behavior\BuildLiteBehavior [ RunTime:0.000043s ]
INFO: [ app_init ] --END-- [ RunTime:0.000766s ]
INFO: [ app_begin ] --START--
INFO: Run Behavior\ReadHtmlCacheBehavior [ RunTime:0.000896s ]
INFO: [ app_begin ] --END-- [ RunTime:0.000979s ]
SQL: SHOW COLUMNS FROM `fankui` [ RunTime:0.0066s ]
SQL: SELECT * FROM `fankui`  [ RunTime:0.0007s ]

[ 2018-06-05T17:49:08+08:00 ] ::1 /today/todaystore/index.php?m=Home&c=back&a=client_list
INFO: [ app_init ] --START--
INFO: Run Behavior\BuildLiteBehavior [ RunTime:0.000012s ]
INFO: [ app_init ] --END-- [ RunTime:0.000392s ]
INFO: [ app_begin ] --START--
INFO: Run Behavior\ReadHtmlCacheBehavior [ RunTime:0.001025s ]
INFO: [ app_begin ] --END-- [ RunTime:0.001108s ]
SQL: SHOW COLUMNS FROM `client_information` [ RunTime:0.0047s ]
SQL: SELECT * FROM `client_information`  [ RunTime:0.0004s ]

[ 2018-06-05T17:50:05+08:00 ] ::1 /today/todaystore/index.php?m=Home&c=back&a=fankui
INFO: [ app_init ] --START--
INFO: Run Behavior\BuildLiteBehavior [ RunTime:0.000016s ]
INFO: [ app_init ] --END-- [ RunTime:0.000502s ]
INFO: [ app_begin ] --START--
INFO: Run Behavior\ReadHtmlCacheBehavior [ RunTime:0.001043s ]
INFO: [ app_begin ] --END-- [ RunTime:0.001112s ]
SQL: SHOW COLUMNS FROM `fankui` [ RunTime:0.0077s ]
SQL: SELECT * FROM `fankui`  [ RunTime:0.0007s ]

[ 2018-06-05T17:50:06+08:00 ] ::1 /today/todaystore/index.php?m=Home&c=back&a=client_list
INFO: [ app_init ] --START--
INFO: Run Behavior\BuildLiteBehavior [ RunTime:0.000018s ]
INFO: [ app_init ] --END-- [ RunTime:0.000602s ]
INFO: [ app_begin ] --START--
INFO: Run Behavior\ReadHtmlCacheBehavior [ RunTime:0.001158s ]
INFO: [ app_begin ] --END-- [ RunTime:0.001245s ]
SQL: SHOW COLUMNS FROM `client_information` [ RunTime:0.0048s ]
SQL: SELECT * FROM `client_information`  [ RunTime:0.0003s ]

[ 2018-06-05T17:50:36+08:00 ] ::1 /today/todaystore/index.php?m=Home&c=back&a=fankui
INFO: [ app_init ] --START--
INFO: Run Behavior\BuildLiteBehavior [ RunTime:0.000049s ]
INFO: [ app_init ] --END-- [ RunTime:0.000778s ]
INFO: [ app_begin ] --START--
INFO: Run Behavior\ReadHtmlCacheBehavior [ RunTime:0.000908s ]
INFO: [ app_begin ] --END-- [ RunTime:0.000975s ]
SQL: SHOW COLUMNS FROM `fankui` [ RunTime:0.0045s ]
SQL: SELECT * FROM `fankui`  [ RunTime:0.0004s ]

[ 2018-06-05T17:50:37+08:00 ] ::1 /today/todaystore/index.php?m=Home&c=back&a=client_list
INFO: [ app_init ] --START--
INFO: Run Behavior\BuildLiteBehavior [ RunTime:0.000019s ]
INFO: [ app_init ] --END-- [ RunTime:0.000645s ]
INFO: [ app_begin ] --START--
INFO: Run Behavior\ReadHtmlCacheBehavior [ RunTime:0.001273s ]
INFO: [ app_begin ] --END-- [ RunTime:0.001341s ]
SQL: SHOW COLUMNS FROM `client_information` [ RunTime:0.0047s ]
SQL: SELECT * FROM `client_information`  [ RunTime:0.0005s ]

[ 2018-06-05T17:51:12+08:00 ] ::1 /today/todaystore/index.php?m=Home&c=back&a=fankui
INFO: [ app_init ] --START--
INFO: Run Behavior\BuildLiteBehavior [ RunTime:0.000016s ]
INFO: [ app_init ] --END-- [ RunTime:0.000453s ]
INFO: [ app_begin ] --START--
INFO: Run Behavior\ReadHtmlCacheBehavior [ RunTime:0.001943s ]
INFO: [ app_begin ] --END-- [ RunTime:0.002019s ]
SQL: SHOW COLUMNS FROM `fankui` [ RunTime:0.0048s ]
SQL: SELECT * FROM `fankui`  [ RunTime:0.0003s ]

[ 2018-06-05T17:51:13+08:00 ] ::1 /today/todaystore/index.php?m=Home&c=back&a=client_list
INFO: [ app_init ] --START--
INFO: Run Behavior\BuildLiteBehavior [ RunTime:0.000017s ]
INFO: [ app_init ] --END-- [ RunTime:0.000501s ]
INFO: [ app_begin ] --START--
INFO: Run Behavior\ReadHtmlCacheBehavior [ RunTime:0.000838s ]
INFO: [ app_begin ] --END-- [ RunTime:0.000955s ]
SQL: SHOW COLUMNS FROM `client_information` [ RunTime:0.0059s ]
SQL: SELECT * FROM `client_information`  [ RunTime:0.0004s ]

[ 2018-06-05T17:51:22+08:00 ] ::1 /today/todaystore/index.php?m=Home&c=back&a=fankui
INFO: [ app_init ] --START--
INFO: Run Behavior\BuildLiteBehavior [ RunTime:0.000015s ]
INFO: [ app_init ] --END-- [ RunTime:0.000587s ]
INFO: [ app_begin ] --START--
INFO: Run Behavior\ReadHtmlCacheBehavior [ RunTime:0.000873s ]
INFO: [ app_begin ] --END-- [ RunTime:0.000942s ]
SQL: SHOW COLUMNS FROM `fankui` [ RunTime:0.0151s ]
SQL: SELECT * FROM `fankui`  [ RunTime:0.0012s ]

[ 2018-06-05T17:51:23+08:00 ] ::1 /today/todaystore/index.php?m=Home&c=back&a=client_list
INFO: [ app_init ] --START--
INFO: Run Behavior\BuildLiteBehavior [ RunTime:0.000022s ]
INFO: [ app_init ] --END-- [ RunTime:0.000831s ]
INFO: [ app_begin ] --START--
INFO: Run Behavior\ReadHtmlCacheBehavior [ RunTime:0.000582s ]
INFO: [ app_begin ] --END-- [ RunTime:0.000634s ]
SQL: SHOW COLUMNS FROM `client_information` [ RunTime:0.0117s ]
SQL: SELECT * FROM `client_information`  [ RunTime:0.0012s ]

[ 2018-06-05T17:51:54+08:00 ] ::1 /today/todaystore/index.php?m=Home&c=back&a=fankui
INFO: [ app_init ] --START--
INFO: Run Behavior\BuildLiteBehavior [ RunTime:0.000019s ]
INFO: [ app_init ] --END-- [ RunTime:0.000488s ]
INFO: [ app_begin ] --START--
INFO: Run Behavior\ReadHtmlCacheBehavior [ RunTime:0.001063s ]
INFO: [ app_begin ] --END-- [ RunTime:0.001146s ]
SQL: SHOW COLUMNS FROM `fankui` [ RunTime:0.0045s ]
SQL: SELECT * FROM `fankui`  [ RunTime:0.0005s ]

[ 2018-06-05T17:51:55+08:00 ] ::1 /today/todaystore/index.php?m=Home&c=back&a=client_list
INFO: [ app_init ] --START--
INFO: Run Behavior\BuildLiteBehavior [ RunTime:0.000019s ]
INFO: [ app_init ] --END-- [ RunTime:0.000566s ]
INFO: [ app_begin ] --START--
INFO: Run Behavior\ReadHtmlCacheBehavior [ RunTime:0.000943s ]
INFO: [ app_begin ] --END-- [ RunTime:0.001017s ]
SQL: SHOW COLUMNS FROM `client_information` [ RunTime:0.0045s ]
SQL: SELECT * FROM `client_information`  [ RunTime:0.0004s ]

[ 2018-06-05T17:52:06+08:00 ] ::1 /today/todaystore/index.php?m=Home&c=back&a=fankui
INFO: [ app_init ] --START--
INFO: Run Behavior\BuildLiteBehavior [ RunTime:0.000018s ]
INFO: [ app_init ] --END-- [ RunTime:0.000544s ]
INFO: [ app_begin ] --START--
INFO: Run Behavior\ReadHtmlCacheBehavior [ RunTime:0.000807s ]
INFO: [ app_begin ] --END-- [ RunTime:0.000878s ]
SQL: SHOW COLUMNS FROM `fankui` [ RunTime:0.0130s ]
SQL: SELECT * FROM `fankui`  [ RunTime:0.0010s ]

[ 2018-06-05T17:52:07+08:00 ] ::1 /today/todaystore/index.php?m=Home&c=back&a=client_list
INFO: [ app_init ] --START--
INFO: Run Behavior\BuildLiteBehavior [ RunTime:0.000018s ]
INFO: [ app_init ] --END-- [ RunTime:0.002100s ]
INFO: [ app_begin ] --START--
INFO: Run Behavior\ReadHtmlCacheBehavior [ RunTime:0.001460s ]
INFO: [ app_begin ] --END-- [ RunTime:0.001550s ]
SQL: SHOW COLUMNS FROM `client_information` [ RunTime:0.0081s ]
SQL: SELECT * FROM `client_information`  [ RunTime:0.0004s ]

[ 2018-06-05T17:52:24+08:00 ] ::1 /today/todaystore/index.php?m=Home&c=back&a=fankui
INFO: [ app_init ] --START--
INFO: Run Behavior\BuildLiteBehavior [ RunTime:0.000021s ]
INFO: [ app_init ] --END-- [ RunTime:0.000564s ]
INFO: [ app_begin ] --START--
INFO: Run Behavior\ReadHtmlCacheBehavior [ RunTime:0.000849s ]
INFO: [ app_begin ] --END-- [ RunTime:0.000930s ]
SQL: SHOW COLUMNS FROM `fankui` [ RunTime:0.0046s ]
SQL: SELECT * FROM `fankui`  [ RunTime:0.0004s ]

[ 2018-06-05T17:56:37+08:00 ] ::1 /today/todaystore/index.php?m=Home&c=back&a=fankui
INFO: [ app_init ] --START--
INFO: Run Behavior\BuildLiteBehavior [ RunTime:0.000017s ]
INFO: [ app_init ] --END-- [ RunTime:0.000608s ]
INFO: [ app_begin ] --START--
INFO: Run Behavior\ReadHtmlCacheBehavior [ RunTime:0.002259s ]
INFO: [ app_begin ] --END-- [ RunTime:0.002519s ]
SQL: SHOW COLUMNS FROM `fankui` [ RunTime:0.0068s ]
SQL: SELECT * FROM `fankui`  [ RunTime:0.0004s ]

[ 2018-06-05T17:56:41+08:00 ] ::1 /today/todaystore/index.php?m=Home&c=back&a=fankui_finish
INFO: [ app_init ] --START--
INFO: Run Behavior\BuildLiteBehavior [ RunTime:0.000033s ]
INFO: [ app_init ] --END-- [ RunTime:0.000670s ]
INFO: [ app_begin ] --START--
INFO: Run Behavior\ReadHtmlCacheBehavior [ RunTime:0.001091s ]
INFO: [ app_begin ] --END-- [ RunTime:0.001161s ]
SQL: SHOW COLUMNS FROM `fankui` [ RunTime:0.0111s ]
SQL: UPDATE `fankui` SET `fankuistatu`='0' WHERE `fankuiid` = 13 [ RunTime:0.0038s ]

[ 2018-06-05T18:25:19+08:00 ] ::1 /today/todaystore/index.php?m=Home&c=back&a=client_list
INFO: [ app_init ] --START--
INFO: Run Behavior\BuildLiteBehavior [ RunTime:0.000015s ]
INFO: [ app_init ] --END-- [ RunTime:0.000435s ]
INFO: [ app_begin ] --START--
INFO: Run Behavior\ReadHtmlCacheBehavior [ RunTime:0.000783s ]
INFO: [ app_begin ] --END-- [ RunTime:0.000845s ]
SQL: SHOW COLUMNS FROM `client_information` [ RunTime:0.0056s ]
SQL: SELECT * FROM `client_information`  [ RunTime:0.0004s ]

[ 2018-06-05T18:25:20+08:00 ] ::1 /today/todaystore/index.php?m=Home&c=back&a=fankui
INFO: [ app_init ] --START--
INFO: Run Behavior\BuildLiteBehavior [ RunTime:0.000019s ]
INFO: [ app_init ] --END-- [ RunTime:0.000678s ]
INFO: [ app_begin ] --START--
INFO: Run Behavior\ReadHtmlCacheBehavior [ RunTime:0.002085s ]
INFO: [ app_begin ] --END-- [ RunTime:0.002263s ]
SQL: SHOW COLUMNS FROM `fankui` [ RunTime:0.0056s ]
SQL: SELECT * FROM `fankui`  [ RunTime:0.0003s ]

[ 2018-06-05T18:36:59+08:00 ] ::1 /today/todaystore/index.php?m=Home&c=back&a=client_list
INFO: [ app_init ] --START--
INFO: Run Behavior\BuildLiteBehavior [ RunTime:0.000017s ]
INFO: [ app_init ] --END-- [ RunTime:0.000523s ]
INFO: [ app_begin ] --START--
INFO: Run Behavior\ReadHtmlCacheBehavior [ RunTime:0.000899s ]
INFO: [ app_begin ] --END-- [ RunTime:0.000969s ]
SQL: SHOW COLUMNS FROM `client_information` [ RunTime:0.0037s ]
SQL: SELECT * FROM `client_information`  [ RunTime:0.0003s ]

[ 2018-06-05T18:37:00+08:00 ] ::1 /today/todaystore/index.php?m=Home&c=back&a=fankui
INFO: [ app_init ] --START--
INFO: Run Behavior\BuildLiteBehavior [ RunTime:0.000019s ]
INFO: [ app_init ] --END-- [ RunTime:0.000630s ]
INFO: [ app_begin ] --START--
INFO: Run Behavior\ReadHtmlCacheBehavior [ RunTime:0.001028s ]
INFO: [ app_begin ] --END-- [ RunTime:0.001140s ]
SQL: SHOW COLUMNS FROM `fankui` [ RunTime:0.0078s ]
SQL: SELECT * FROM `fankui`  [ RunTime:0.0005s ]

