[ 2018-05-25T20:40:54+08:00 ] ::1 /today/todaystore/index.php?m=Home&c=back&a=fruitlist
INFO: [ app_init ] --START--
INFO: Run Behavior\BuildLiteBehavior [ RunTime:0.000027s ]
INFO: [ app_init ] --END-- [ RunTime:0.001242s ]
INFO: [ app_begin ] --START--
INFO: Run Behavior\ReadHtmlCacheBehavior [ RunTime:0.001164s ]
INFO: [ app_begin ] --END-- [ RunTime:0.001242s ]
SQL: SHOW COLUMNS FROM `fruit` [ RunTime:0.0041s ]
SQL: SELECT * FROM `fruit`  [ RunTime:0.0006s ]

[ 2018-05-25T20:40:56+08:00 ] ::1 /today/todaystore/index.php?m=Home&c=back&a=business_list
INFO: [ app_init ] --START--
INFO: Run Behavior\BuildLiteBehavior [ RunTime:0.000033s ]
INFO: [ app_init ] --END-- [ RunTime:0.000726s ]
INFO: [ app_begin ] --START--
INFO: Run Behavior\ReadHtmlCacheBehavior [ RunTime:0.000932s ]
INFO: [ app_begin ] --END-- [ RunTime:0.001006s ]
SQL: SHOW COLUMNS FROM `client_buylist` [ RunTime:0.0054s ]
SQL: SELECT * FROM `client_buylist`  [ RunTime:0.0004s ]

[ 2018-05-25T20:41:21+08:00 ] ::1 /today/todaystore/index.php?m=Home&c=back&a=fruitlist
INFO: [ app_init ] --START--
INFO: Run Behavior\BuildLiteBehavior [ RunTime:0.000019s ]
INFO: [ app_init ] --END-- [ RunTime:0.000703s ]
INFO: [ app_begin ] --START--
INFO: Run Behavior\ReadHtmlCacheBehavior [ RunTime:0.000872s ]
INFO: [ app_begin ] --END-- [ RunTime:0.000959s ]
SQL: SHOW COLUMNS FROM `fruit` [ RunTime:0.0040s ]
SQL: SELECT * FROM `fruit`  [ RunTime:0.0004s ]

