[ 2018-06-03T15:31:54+08:00 ] ::1 /today/todaystore/index.php?m=Home&c=back&a=fruitlist
INFO: [ app_init ] --START--
INFO: Run Behavior\BuildLiteBehavior [ RunTime:0.000014s ]
INFO: [ app_init ] --END-- [ RunTime:0.000899s ]
INFO: [ app_begin ] --START--
INFO: Run Behavior\ReadHtmlCacheBehavior [ RunTime:0.001521s ]
INFO: [ app_begin ] --END-- [ RunTime:0.001598s ]
SQL: SHOW COLUMNS FROM `fruit` [ RunTime:0.0047s ]
SQL: SELECT * FROM `fruit`  [ RunTime:0.0004s ]

[ 2018-06-03T16:43:54+08:00 ] ::1 /today/todaystore/index.php?m=Home&c=back&a=fruitlist
INFO: [ app_init ] --START--
INFO: Run Behavior\BuildLiteBehavior [ RunTime:0.000028s ]
INFO: [ app_init ] --END-- [ RunTime:0.000847s ]
INFO: [ app_begin ] --START--
INFO: Run Behavior\ReadHtmlCacheBehavior [ RunTime:0.001498s ]
INFO: [ app_begin ] --END-- [ RunTime:0.001626s ]
SQL: SHOW COLUMNS FROM `fruit` [ RunTime:0.0185s ]
SQL: SELECT * FROM `fruit`  [ RunTime:0.0019s ]

[ 2018-06-03T16:44:37+08:00 ] ::1 /today/todaystore/index.php?m=Home&c=back&a=client_list
INFO: [ app_init ] --START--
INFO: Run Behavior\BuildLiteBehavior [ RunTime:0.000018s ]
INFO: [ app_init ] --END-- [ RunTime:0.000535s ]
INFO: [ app_begin ] --START--
INFO: Run Behavior\ReadHtmlCacheBehavior [ RunTime:0.004932s ]
INFO: [ app_begin ] --END-- [ RunTime:0.005032s ]
SQL: SHOW COLUMNS FROM `client_information` [ RunTime:0.0199s ]
SQL: SELECT * FROM `client_information`  [ RunTime:0.0014s ]

[ 2018-06-03T16:45:02+08:00 ] ::1 /today/todaystore/index.php?m=Home&c=back&a=updateclient
INFO: [ app_init ] --START--
INFO: Run Behavior\BuildLiteBehavior [ RunTime:0.000016s ]
INFO: [ app_init ] --END-- [ RunTime:0.000561s ]
INFO: [ app_begin ] --START--
INFO: Run Behavior\ReadHtmlCacheBehavior [ RunTime:0.000808s ]
INFO: [ app_begin ] --END-- [ RunTime:0.000879s ]
SQL: SHOW COLUMNS FROM `client_information` [ RunTime:0.0084s ]
SQL: UPDATE `client_information` SET `clientname`='王维艳',`clientphone`='18302198264',`clientplace`='山西省' WHERE `clientid` = 6076 [ RunTime:0.0043s ]

[ 2018-06-03T16:45:09+08:00 ] ::1 /today/todaystore/index.php?m=Home&c=back&a=client_list
INFO: [ app_init ] --START--
INFO: Run Behavior\BuildLiteBehavior [ RunTime:0.000029s ]
INFO: [ app_init ] --END-- [ RunTime:0.000883s ]
INFO: [ app_begin ] --START--
INFO: Run Behavior\ReadHtmlCacheBehavior [ RunTime:0.001563s ]
INFO: [ app_begin ] --END-- [ RunTime:0.001683s ]
SQL: SHOW COLUMNS FROM `client_information` [ RunTime:0.0135s ]
SQL: SELECT * FROM `client_information`  [ RunTime:0.0007s ]

[ 2018-06-03T16:46:46+08:00 ] ::1 /today/todaystore/index.php?m=Home&c=back&a=fruitlist
INFO: [ app_init ] --START--
INFO: Run Behavior\BuildLiteBehavior [ RunTime:0.000032s ]
INFO: [ app_init ] --END-- [ RunTime:0.001142s ]
INFO: [ app_begin ] --START--
INFO: Run Behavior\ReadHtmlCacheBehavior [ RunTime:0.001131s ]
INFO: [ app_begin ] --END-- [ RunTime:0.001208s ]
SQL: SHOW COLUMNS FROM `fruit` [ RunTime:0.0116s ]
SQL: SELECT * FROM `fruit`  [ RunTime:0.0009s ]

[ 2018-06-03T16:47:11+08:00 ] ::1 /today/todaystore/index.php?m=Home&c=back&a=fruitlist
INFO: [ app_init ] --START--
INFO: Run Behavior\BuildLiteBehavior [ RunTime:0.000028s ]
INFO: [ app_init ] --END-- [ RunTime:0.000901s ]
INFO: [ app_begin ] --START--
INFO: Run Behavior\ReadHtmlCacheBehavior [ RunTime:0.001476s ]
INFO: [ app_begin ] --END-- [ RunTime:0.001593s ]
SQL: SHOW COLUMNS FROM `fruit` [ RunTime:0.0202s ]
SQL: SELECT * FROM `fruit`  [ RunTime:0.0022s ]

[ 2018-06-03T16:47:56+08:00 ] ::1 /today/todaystore/index.php?m=Home&c=back&a=fruitlist
INFO: [ app_init ] --START--
INFO: Run Behavior\BuildLiteBehavior [ RunTime:0.000029s ]
INFO: [ app_init ] --END-- [ RunTime:0.000759s ]
INFO: [ app_begin ] --START--
INFO: Run Behavior\ReadHtmlCacheBehavior [ RunTime:0.001602s ]
INFO: [ app_begin ] --END-- [ RunTime:0.001719s ]
SQL: SHOW COLUMNS FROM `fruit` [ RunTime:0.0196s ]
SQL: SELECT * FROM `fruit`  [ RunTime:0.0017s ]

[ 2018-06-03T16:48:44+08:00 ] ::1 /today/todaystore/index.php?m=Home&c=back&a=updateleft
INFO: [ app_init ] --START--
INFO: Run Behavior\BuildLiteBehavior [ RunTime:0.000015s ]
INFO: [ app_init ] --END-- [ RunTime:0.000460s ]
INFO: [ app_begin ] --START--
INFO: Run Behavior\ReadHtmlCacheBehavior [ RunTime:0.000669s ]
INFO: [ app_begin ] --END-- [ RunTime:0.000715s ]
SQL: SHOW COLUMNS FROM `fruit` [ RunTime:0.0181s ]
SQL: UPDATE `fruit` SET `fruitleft`='1203' WHERE `fruitname` = '海南金煌芒果' [ RunTime:0.0074s ]

[ 2018-06-03T16:48:46+08:00 ] ::1 /today/todaystore/index.php?m=Home&c=back&a=fruitlist
INFO: [ app_init ] --START--
INFO: Run Behavior\BuildLiteBehavior [ RunTime:0.000023s ]
INFO: [ app_init ] --END-- [ RunTime:0.001077s ]
INFO: [ app_begin ] --START--
INFO: Run Behavior\ReadHtmlCacheBehavior [ RunTime:0.001581s ]
INFO: [ app_begin ] --END-- [ RunTime:0.001680s ]
SQL: SHOW COLUMNS FROM `fruit` [ RunTime:0.0202s ]
SQL: SELECT * FROM `fruit`  [ RunTime:0.0016s ]

[ 2018-06-03T16:49:57+08:00 ] ::1 /today/todaystore/index.php?m=Home&c=back&a=imgssave
INFO: [ app_init ] --START--
INFO: Run Behavior\BuildLiteBehavior [ RunTime:0.000015s ]
INFO: [ app_init ] --END-- [ RunTime:0.000430s ]
INFO: [ app_begin ] --START--
INFO: Run Behavior\ReadHtmlCacheBehavior [ RunTime:0.000698s ]
INFO: [ app_begin ] --END-- [ RunTime:0.000755s ]
NOTIC: [2] call_user_func() expects parameter 1 to be a valid callback, no array or string given D:\apache\Apache24\htdocs\today\ThinkPHP\Library\Think\Upload.class.php 第 170 行.
NOTIC: [8] Undefined index: subName D:\apache\Apache24\htdocs\today\ThinkPHP\Library\Think\Upload.class.php 第 79 行.
NOTIC: [2] move_uploaded_file(./public/Home/images/山东红富士.png): failed to open stream: Invalid argument D:\apache\Apache24\htdocs\today\ThinkPHP\Library\Think\Upload\Driver\Local.class.php 第 83 行.
NOTIC: [2] move_uploaded_file(): Unable to move 'C:\Windows\Temp\php1104.tmp' to './public/Home/images/山东红富士.png' D:\apache\Apache24\htdocs\today\ThinkPHP\Library\Think\Upload\Driver\Local.class.php 第 83 行.

[ 2018-06-03T16:51:02+08:00 ] ::1 /today/todaystore/index.php?m=Home&c=back&a=fruitlist
INFO: [ app_init ] --START--
INFO: Run Behavior\BuildLiteBehavior [ RunTime:0.000017s ]
INFO: [ app_init ] --END-- [ RunTime:0.000486s ]
INFO: [ app_begin ] --START--
INFO: Run Behavior\ReadHtmlCacheBehavior [ RunTime:0.001231s ]
INFO: [ app_begin ] --END-- [ RunTime:0.001324s ]
SQL: SHOW COLUMNS FROM `fruit` [ RunTime:0.0200s ]
SQL: SELECT * FROM `fruit`  [ RunTime:0.0020s ]

[ 2018-06-03T16:51:14+08:00 ] ::1 /today/todaystore/index.php?m=Home&c=back&a=fankui
INFO: [ app_init ] --START--
INFO: Run Behavior\BuildLiteBehavior [ RunTime:0.000023s ]
INFO: [ app_init ] --END-- [ RunTime:0.000725s ]
INFO: [ app_begin ] --START--
INFO: Run Behavior\ReadHtmlCacheBehavior [ RunTime:0.001313s ]
INFO: [ app_begin ] --END-- [ RunTime:0.001417s ]
SQL: SHOW COLUMNS FROM `fankui` [ RunTime:0.0235s ]
SQL: SELECT * FROM `fankui`  [ RunTime:0.0017s ]

[ 2018-06-03T16:51:20+08:00 ] ::1 /today/todaystore/index.php?m=Home&c=back&a=fankui_finish
INFO: [ app_init ] --START--
INFO: Run Behavior\BuildLiteBehavior [ RunTime:0.000012s ]
INFO: [ app_init ] --END-- [ RunTime:0.000347s ]
INFO: [ app_begin ] --START--
INFO: Run Behavior\ReadHtmlCacheBehavior [ RunTime:0.000669s ]
INFO: [ app_begin ] --END-- [ RunTime:0.000719s ]
SQL: SHOW COLUMNS FROM `fankui` [ RunTime:0.0155s ]
SQL: UPDATE `fankui` SET `fankuistatu`='0' WHERE `fankuiid` = 16 [ RunTime:0.0052s ]

[ 2018-06-03T16:51:21+08:00 ] ::1 /today/todaystore/index.php?m=Home&c=back&a=fankui_finish
INFO: [ app_init ] --START--
INFO: Run Behavior\BuildLiteBehavior [ RunTime:0.000013s ]
INFO: [ app_init ] --END-- [ RunTime:0.000357s ]
INFO: [ app_begin ] --START--
INFO: Run Behavior\ReadHtmlCacheBehavior [ RunTime:0.000649s ]
INFO: [ app_begin ] --END-- [ RunTime:0.000694s ]
SQL: SHOW COLUMNS FROM `fankui` [ RunTime:0.0212s ]
SQL: UPDATE `fankui` SET `fankuistatu`='0' WHERE `fankuiid` = 16 [ RunTime:0.0057s ]

[ 2018-06-03T16:51:23+08:00 ] ::1 /today/todaystore/index.php?m=Home&c=back&a=fankui
INFO: [ app_init ] --START--
INFO: Run Behavior\BuildLiteBehavior [ RunTime:0.000019s ]
INFO: [ app_init ] --END-- [ RunTime:0.000500s ]
INFO: [ app_begin ] --START--
INFO: Run Behavior\ReadHtmlCacheBehavior [ RunTime:0.001415s ]
INFO: [ app_begin ] --END-- [ RunTime:0.001511s ]
SQL: SHOW COLUMNS FROM `fankui` [ RunTime:0.0188s ]
SQL: SELECT * FROM `fankui`  [ RunTime:0.0017s ]

