[ 2018-04-04T11:32:37+08:00 ] ::1 /today/todaystore/index.php?m=Home&c=index&a=signit&name=1
INFO: [ app_begin ] --START--
INFO: Run Behavior\ReadHtmlCacheBehavior [ RunTime:0.000729s ]
INFO: [ app_begin ] --END-- [ RunTime:0.001461s ]
SQL: SHOW COLUMNS FROM `client_information` [ RunTime:0.0112s ]
SQL: INSERT INTO `client_information` (`clientname`,`clientphone`,`clientpwd`) VALUES ('1','','0') [ RunTime:0.0081s ]

[ 2018-04-04T11:35:02+08:00 ] ::1 /today/todaystore/index.php?m=Home&c=index&a=signit&name=1
INFO: [ app_begin ] --START--
INFO: Run Behavior\ReadHtmlCacheBehavior [ RunTime:0.000795s ]
INFO: [ app_begin ] --END-- [ RunTime:0.001510s ]
SQL: SHOW COLUMNS FROM `client_information` [ RunTime:0.0080s ]
SQL: INSERT INTO `client_information` (`clientname`,`clientphone`,`clientpwd`) VALUES ('1','','0') [ RunTime:0.0068s ]

[ 2018-04-04T11:35:34+08:00 ] ::1 /today/todaystore/index.php?m=Home&c=index&a=signit&name=1
INFO: [ app_begin ] --START--
INFO: Run Behavior\ReadHtmlCacheBehavior [ RunTime:0.000972s ]
INFO: [ app_begin ] --END-- [ RunTime:0.001791s ]
SQL: SHOW COLUMNS FROM `client_information` [ RunTime:0.0078s ]
SQL: INSERT INTO `client_information` (`clientname`,`clientphone`,`clientpwd`) VALUES ('1','','0') [ RunTime:0.0041s ]

[ 2018-04-04T11:41:04+08:00 ] ::1 /today/todaystore/index.php?m=Home&c=index&a=signit&{%22name%22:%221%22,%22phone%22:%221%22,%22password%22:%222%22}
INFO: [ app_begin ] --START--
INFO: Run Behavior\ReadHtmlCacheBehavior [ RunTime:0.000787s ]
INFO: [ app_begin ] --END-- [ RunTime:0.001562s ]

[ 2018-04-04T11:44:16+08:00 ] ::1 /today/todaystore/index.php?m=Home&c=index&a=signit
INFO: [ app_begin ] --START--
INFO: Run Behavior\ReadHtmlCacheBehavior [ RunTime:0.000857s ]
INFO: [ app_begin ] --END-- [ RunTime:0.001458s ]

[ 2018-04-04T11:45:12+08:00 ] ::1 /today/todaystore/index.php?m=Home&c=index&a=signit
INFO: [ app_begin ] --START--
INFO: Run Behavior\ReadHtmlCacheBehavior [ RunTime:0.000853s ]
INFO: [ app_begin ] --END-- [ RunTime:0.001439s ]

[ 2018-04-04T11:51:40+08:00 ] ::1 /today/todaystore/index.php?m=Home&c=index&a=signit
INFO: [ app_begin ] --START--
INFO: Run Behavior\ReadHtmlCacheBehavior [ RunTime:0.000559s ]
INFO: [ app_begin ] --END-- [ RunTime:0.001097s ]
SQL: SHOW COLUMNS FROM `client_information` [ RunTime:0.0077s ]
SQL: INSERT INTO `client_information` (`clientname`,`clientphone`,`clientpwd`) VALUES ('1','','0') [ RunTime:0.0044s ]

[ 2018-04-04T11:54:45+08:00 ] ::1 /today/todaystore/index.php?m=Home&c=index&a=signit
INFO: [ app_begin ] --START--
INFO: Run Behavior\ReadHtmlCacheBehavior [ RunTime:0.000467s ]
INFO: [ app_begin ] --END-- [ RunTime:0.000904s ]

[ 2018-04-04T11:55:46+08:00 ] ::1 /today/todaystore/index.php?m=Home&c=index&a=signit
INFO: [ app_begin ] --START--
INFO: Run Behavior\ReadHtmlCacheBehavior [ RunTime:0.000868s ]
INFO: [ app_begin ] --END-- [ RunTime:0.001762s ]

[ 2018-04-04T11:56:18+08:00 ] ::1 /today/todaystore/index.php?m=Home&c=index&a=signit
INFO: [ app_begin ] --START--
INFO: Run Behavior\ReadHtmlCacheBehavior [ RunTime:0.000457s ]
INFO: [ app_begin ] --END-- [ RunTime:0.000881s ]
SQL: SHOW COLUMNS FROM `client_information` [ RunTime:0.0059s ]
SQL: INSERT INTO `client_information` (`clientname`,`clientphone`,`clientpwd`) VALUES ('1','','0') [ RunTime:0.0042s ]

[ 2018-04-04T11:57:29+08:00 ] ::1 /today/todaystore/index.php?m=Home&c=index&a=signit
INFO: [ app_begin ] --START--
INFO: Run Behavior\ReadHtmlCacheBehavior [ RunTime:0.000456s ]
INFO: [ app_begin ] --END-- [ RunTime:0.000912s ]
SQL: SHOW COLUMNS FROM `client_information` [ RunTime:0.0081s ]
SQL: INSERT INTO `client_information` (`clientname`,`clientphone`,`clientpwd`) VALUES ('1','2','1') [ RunTime:0.0041s ]

[ 2018-04-04T11:58:06+08:00 ] ::1 /today/todaystore/index.php?m=Home&c=index&a=signit
INFO: [ app_begin ] --START--
INFO: Run Behavior\ReadHtmlCacheBehavior [ RunTime:0.000530s ]
INFO: [ app_begin ] --END-- [ RunTime:0.001179s ]

[ 2018-04-04T11:58:26+08:00 ] ::1 /today/todaystore/index.php?m=Home&c=index&a=signit
INFO: [ app_begin ] --START--
INFO: Run Behavior\ReadHtmlCacheBehavior [ RunTime:0.000497s ]
INFO: [ app_begin ] --END-- [ RunTime:0.000923s ]
SQL: SHOW COLUMNS FROM `client_information` [ RunTime:0.0058s ]
SQL: INSERT INTO `client_information` (`clientname`,`clientphone`,`clientpwd`) VALUES ('q','we','0') [ RunTime:0.0043s ]

[ 2018-04-04T12:00:40+08:00 ] ::1 /today/todaystore/index.php?m=Home&c=index&a=signit
INFO: [ app_begin ] --START--
INFO: Run Behavior\ReadHtmlCacheBehavior [ RunTime:0.000468s ]
INFO: [ app_begin ] --END-- [ RunTime:0.000908s ]
SQL: SHOW COLUMNS FROM `client_information` [ RunTime:0.0060s ]
SQL: INSERT INTO `client_information` (`clientname`,`clientphone`,`clientpwd`) VALUES ('2','1','3') [ RunTime:0.0041s ]

[ 2018-04-04T12:00:56+08:00 ] ::1 /today/todaystore/index.php?m=Home&c=index&a=signit
INFO: [ app_begin ] --START--
INFO: Run Behavior\ReadHtmlCacheBehavior [ RunTime:0.000460s ]
INFO: [ app_begin ] --END-- [ RunTime:0.000880s ]
SQL: SHOW COLUMNS FROM `client_information` [ RunTime:0.0059s ]
SQL: INSERT INTO `client_information` (`clientname`,`clientphone`,`clientpwd`) VALUES ('2','1范德萨','3') [ RunTime:0.0041s ]

[ 2018-04-04T12:02:46+08:00 ] ::1 /today/todaystore/index.php?m=Home&c=index&a=signit
INFO: [ app_begin ] --START--
INFO: Run Behavior\ReadHtmlCacheBehavior [ RunTime:0.001026s ]
INFO: [ app_begin ] --END-- [ RunTime:0.001895s ]
SQL: SHOW COLUMNS FROM `client_information` [ RunTime:0.0080s ]
SQL: INSERT INTO `client_information` (`clientname`,`clientphone`,`clientpwd`) VALUES ('王进','13828283828','111111') [ RunTime:0.0041s ]

[ 2018-04-04T12:02:57+08:00 ] ::1 /today/todaystore/index.php?m=Home&c=index&a=signit
INFO: [ app_begin ] --START--
INFO: Run Behavior\ReadHtmlCacheBehavior [ RunTime:0.000422s ]
INFO: [ app_begin ] --END-- [ RunTime:0.000808s ]
SQL: SHOW COLUMNS FROM `client_information` [ RunTime:0.0058s ]
SQL: INSERT INTO `client_information` (`clientname`,`clientphone`,`clientpwd`) VALUES ('王进选','13828283828','111111') [ RunTime:0.0063s ]

[ 2018-04-04T12:03:02+08:00 ] ::1 /today/todaystore/index.php?m=Home&c=index&a=signit
INFO: [ app_begin ] --START--
INFO: Run Behavior\ReadHtmlCacheBehavior [ RunTime:0.000558s ]
INFO: [ app_begin ] --END-- [ RunTime:0.001052s ]
SQL: SHOW COLUMNS FROM `client_information` [ RunTime:0.0088s ]
SQL: INSERT INTO `client_information` (`clientname`,`clientphone`,`clientpwd`) VALUES ('王进亲','13828283828','111111') [ RunTime:0.0046s ]

[ 2018-04-04T12:03:09+08:00 ] ::1 /today/todaystore/index.php?m=Home&c=index&a=signit
INFO: [ app_begin ] --START--
INFO: Run Behavior\ReadHtmlCacheBehavior [ RunTime:0.000474s ]
INFO: [ app_begin ] --END-- [ RunTime:0.000895s ]
SQL: SHOW COLUMNS FROM `client_information` [ RunTime:0.0062s ]
SQL: INSERT INTO `client_information` (`clientname`,`clientphone`,`clientpwd`) VALUES ('来讲','13828283828','111111') [ RunTime:0.0039s ]

[ 2018-04-04T12:03:21+08:00 ] ::1 /today/todaystore/index.php?m=Home&c=index&a=signit
INFO: [ app_begin ] --START--
INFO: Run Behavior\ReadHtmlCacheBehavior [ RunTime:0.000471s ]
INFO: [ app_begin ] --END-- [ RunTime:0.000926s ]
SQL: SHOW COLUMNS FROM `client_information` [ RunTime:0.0062s ]
SQL: INSERT INTO `client_information` (`clientname`,`clientphone`,`clientpwd`) VALUES ('杨文昊','13828283828','111111') [ RunTime:0.0039s ]

[ 2018-04-04T12:03:25+08:00 ] ::1 /today/todaystore/index.php?m=Home&c=index&a=signit
INFO: [ app_begin ] --START--
INFO: Run Behavior\ReadHtmlCacheBehavior [ RunTime:0.000482s ]
INFO: [ app_begin ] --END-- [ RunTime:0.000920s ]
SQL: SHOW COLUMNS FROM `client_information` [ RunTime:0.0055s ]
SQL: INSERT INTO `client_information` (`clientname`,`clientphone`,`clientpwd`) VALUES ('韩宇','13828283828','111111') [ RunTime:0.0039s ]

[ 2018-04-04T12:03:33+08:00 ] ::1 /today/todaystore/index.php?m=Home&c=index&a=signit
INFO: [ app_begin ] --START--
INFO: Run Behavior\ReadHtmlCacheBehavior [ RunTime:0.000486s ]
INFO: [ app_begin ] --END-- [ RunTime:0.000923s ]
SQL: SHOW COLUMNS FROM `client_information` [ RunTime:0.0064s ]
SQL: INSERT INTO `client_information` (`clientname`,`clientphone`,`clientpwd`) VALUES ('黄景行','13828283828','111111') [ RunTime:0.0039s ]

[ 2018-04-04T12:03:41+08:00 ] ::1 /today/todaystore/index.php?m=Home&c=index&a=signit
INFO: [ app_begin ] --START--
INFO: Run Behavior\ReadHtmlCacheBehavior [ RunTime:0.000474s ]
INFO: [ app_begin ] --END-- [ RunTime:0.000914s ]
SQL: SHOW COLUMNS FROM `client_information` [ RunTime:0.0062s ]
SQL: INSERT INTO `client_information` (`clientname`,`clientphone`,`clientpwd`) VALUES ('胡浩亮','13828283828','111111') [ RunTime:0.0039s ]

[ 2018-04-04T12:03:49+08:00 ] ::1 /today/todaystore/index.php?m=Home&c=index&a=signit
INFO: [ app_begin ] --START--
INFO: Run Behavior\ReadHtmlCacheBehavior [ RunTime:0.000458s ]
INFO: [ app_begin ] --END-- [ RunTime:0.000880s ]
SQL: SHOW COLUMNS FROM `client_information` [ RunTime:0.0064s ]
SQL: INSERT INTO `client_information` (`clientname`,`clientphone`,`clientpwd`) VALUES ('石头','13828283828','111111') [ RunTime:0.0040s ]

[ 2018-04-04T12:03:59+08:00 ] ::1 /today/todaystore/index.php?m=Home&c=index&a=signit
INFO: [ app_begin ] --START--
INFO: Run Behavior\ReadHtmlCacheBehavior [ RunTime:0.000442s ]
INFO: [ app_begin ] --END-- [ RunTime:0.000823s ]
SQL: SHOW COLUMNS FROM `client_information` [ RunTime:0.0066s ]
SQL: INSERT INTO `client_information` (`clientname`,`clientphone`,`clientpwd`) VALUES ('静静','13828283828','111111') [ RunTime:0.0040s ]

[ 2018-04-04T12:04:11+08:00 ] ::1 /today/todaystore/index.php?m=Home&c=index&a=signit
INFO: [ app_begin ] --START--
INFO: Run Behavior\ReadHtmlCacheBehavior [ RunTime:0.000464s ]
INFO: [ app_begin ] --END-- [ RunTime:0.000885s ]
SQL: SHOW COLUMNS FROM `client_information` [ RunTime:0.0070s ]
SQL: INSERT INTO `client_information` (`clientname`,`clientphone`,`clientpwd`) VALUES ('王子奇','13828283828','111111') [ RunTime:0.0040s ]

[ 2018-04-04T12:04:21+08:00 ] ::1 /today/todaystore/index.php?m=Home&c=index&a=signit
INFO: [ app_begin ] --START--
INFO: Run Behavior\ReadHtmlCacheBehavior [ RunTime:0.000467s ]
INFO: [ app_begin ] --END-- [ RunTime:0.000895s ]
SQL: SHOW COLUMNS FROM `client_information` [ RunTime:0.0088s ]
SQL: INSERT INTO `client_information` (`clientname`,`clientphone`,`clientpwd`) VALUES ('林梦','13828283828','111111') [ RunTime:0.0050s ]

[ 2018-04-04T12:06:52+08:00 ] ::1 /today/todaystore/index.php?m=Home&c=index&a=signit
INFO: [ app_begin ] --START--
INFO: Run Behavior\ReadHtmlCacheBehavior [ RunTime:0.000466s ]
INFO: [ app_begin ] --END-- [ RunTime:0.000892s ]
SQL: SHOW COLUMNS FROM `client_information` [ RunTime:0.0059s ]
SQL: INSERT INTO `client_information` (`clientname`,`clientphone`,`clientpwd`) VALUES ('左左','12328384957','111111') [ RunTime:0.0043s ]

[ 2018-04-04T16:53:24+08:00 ] ::1 /today/todaystore/index.php?m=Home&c=index&a=signit
INFO: [ app_begin ] --START--
INFO: Run Behavior\ReadHtmlCacheBehavior [ RunTime:0.000546s ]
INFO: [ app_begin ] --END-- [ RunTime:0.000925s ]
SQL: SHOW COLUMNS FROM `client_information` [ RunTime:0.0092s ]
SQL: INSERT INTO `client_information` (`clientname`,`clientphone`,`clientpwd`) VALUES ('1','1','1') [ RunTime:0.0052s ]

[ 2018-04-04T16:53:28+08:00 ] ::1 /today/todaystore/index.php/Home/Index/foreign_fruit.html
ERR: 非法操作:foreign_fruit

[ 2018-04-04T16:54:21+08:00 ] ::1 /today/todaystore/index.php?m=Home&c=index&a=signit
INFO: [ app_begin ] --START--
INFO: Run Behavior\ReadHtmlCacheBehavior [ RunTime:0.000490s ]
INFO: [ app_begin ] --END-- [ RunTime:0.000925s ]
SQL: SHOW COLUMNS FROM `client_information` [ RunTime:0.0055s ]
SQL: INSERT INTO `client_information` (`clientname`,`clientphone`,`clientpwd`) VALUES ('1','1','1') [ RunTime:0.0039s ]

[ 2018-04-04T16:57:22+08:00 ] ::1 /today/todaystore/index.php?m=Home&c=index&a=signit
INFO: [ app_begin ] --START--
INFO: Run Behavior\ReadHtmlCacheBehavior [ RunTime:0.000566s ]
INFO: [ app_begin ] --END-- [ RunTime:0.001112s ]
SQL: SHOW COLUMNS FROM `client_information` [ RunTime:0.0069s ]
SQL: INSERT INTO `client_information` (`clientname`,`clientphone`,`clientpwd`) VALUES ('1','1','1') [ RunTime:0.0042s ]

[ 2018-04-04T17:01:31+08:00 ] ::1 /today/todaystore/index.php/Home/Index/foreign_fruit.html
ERR: 非法操作:foreign_fruit

[ 2018-04-04T17:01:36+08:00 ] ::1 /today/todaystore/index.php?m=Home&c=index&a=signit
INFO: [ app_begin ] --START--
INFO: Run Behavior\ReadHtmlCacheBehavior [ RunTime:0.000589s ]
INFO: [ app_begin ] --END-- [ RunTime:0.000939s ]
SQL: SHOW COLUMNS FROM `client_information` [ RunTime:0.0056s ]
SQL: INSERT INTO `client_information` (`clientname`,`clientphone`,`clientpwd`) VALUES ('1','1','1') [ RunTime:0.0042s ]

[ 2018-04-04T17:06:41+08:00 ] ::1 /today/todaystore/index.php?m=Home&c=index&a=signit
INFO: [ app_begin ] --START--
INFO: Run Behavior\ReadHtmlCacheBehavior [ RunTime:0.000480s ]
INFO: [ app_begin ] --END-- [ RunTime:0.000943s ]
SQL: SHOW COLUMNS FROM `client_information` [ RunTime:0.0059s ]
SQL: INSERT INTO `client_information` (`clientname`,`clientphone`,`clientpwd`) VALUES ('1','1','1') [ RunTime:0.0038s ]

