[ 2018-05-08T09:33:20+08:00 ] ::1 /today/todaystore/index.php?m=Home&c=index&a=initlist
INFO: [ app_init ] --START--
INFO: Run Behavior\BuildLiteBehavior [ RunTime:0.000013s ]
INFO: [ app_init ] --END-- [ RunTime:0.000716s ]
INFO: [ app_begin ] --START--
INFO: Run Behavior\ReadHtmlCacheBehavior [ RunTime:0.000874s ]
INFO: [ app_begin ] --END-- [ RunTime:0.000941s ]
SQL: SHOW COLUMNS FROM `fruit` [ RunTime:0.0079s ]
SQL: SELECT * FROM `fruit`  [ RunTime:0.0008s ]

[ 2018-05-08T10:03:56+08:00 ] ::1 /today/todaystore/index.php?m=Home&c=index&a=initlist
INFO: [ app_init ] --START--
INFO: Run Behavior\BuildLiteBehavior [ RunTime:0.000021s ]
INFO: [ app_init ] --END-- [ RunTime:0.000928s ]
INFO: [ app_begin ] --START--
INFO: Run Behavior\ReadHtmlCacheBehavior [ RunTime:0.001097s ]
INFO: [ app_begin ] --END-- [ RunTime:0.001184s ]
SQL: SHOW COLUMNS FROM `fruit` [ RunTime:0.0069s ]
SQL: SELECT * FROM `fruit`  [ RunTime:0.0007s ]

[ 2018-05-08T19:43:18+08:00 ] ::1 /today/todaystore/index.php?m=Home&c=index&a=initlist
INFO: [ app_init ] --START--
INFO: Run Behavior\BuildLiteBehavior [ RunTime:0.000020s ]
INFO: [ app_init ] --END-- [ RunTime:0.002243s ]
INFO: [ app_begin ] --START--
INFO: Run Behavior\ReadHtmlCacheBehavior [ RunTime:0.001816s ]
INFO: [ app_begin ] --END-- [ RunTime:0.001903s ]
SQL: SHOW COLUMNS FROM `fruit` [ RunTime:0.0113s ]
SQL: SELECT * FROM `fruit`  [ RunTime:0.0010s ]

